<!DOCTYPE html>
<html>
<head>
<meta http-equiv="Content-Type" content="text/html; charset=utf-8"/>
<meta http-equiv="x-ua-compatible" content="IE=edge"/>
<title>Test results - Class jayhorn.test.integration_tests.FailingNumericTests</title>
<link href="../css/base-style.css" rel="stylesheet" type="text/css"/>
<link href="../css/style.css" rel="stylesheet" type="text/css"/>
<script src="../js/report.js" type="text/javascript"></script>
</head>
<body>
<div id="content">
<h1>Class jayhorn.test.integration_tests.FailingNumericTests</h1>
<div class="breadcrumbs">
<a href="../index.html">all</a> &gt; 
<a href="../packages/jayhorn.test.integration_tests.html">jayhorn.test.integration_tests</a> &gt; FailingNumericTests</div>
<div id="summary">
<table>
<tr>
<td>
<div class="summaryGroup">
<table>
<tr>
<td>
<div class="infoBox" id="tests">
<div class="counter">6</div>
<p>tests</p>
</div>
</td>
<td>
<div class="infoBox" id="failures">
<div class="counter">6</div>
<p>failures</p>
</div>
</td>
<td>
<div class="infoBox" id="ignored">
<div class="counter">0</div>
<p>ignored</p>
</div>
</td>
<td>
<div class="infoBox" id="duration">
<div class="counter">6.650s</div>
<p>duration</p>
</div>
</td>
</tr>
</table>
</div>
</td>
<td>
<div class="infoBox failures" id="successRate">
<div class="percent">0%</div>
<p>successful</p>
</div>
</td>
</tr>
</table>
</div>
<div id="tabs">
<ul class="tabLinks">
<li>
<a href="#tab0">Failed tests</a>
</li>
<li>
<a href="#tab1">Tests</a>
</li>
<li>
<a href="#tab2">Standard output</a>
</li>
<li>
<a href="#tab3">Standard error</a>
</li>
</ul>
<div id="tab0" class="tab">
<h2>Failed tests</h2>
<div class="test">
<a name="testWithPrincess[0: check (UnsatLong.java)]"></a>
<h3 class="failures">testWithPrincess[0: check (UnsatLong.java)]</h3>
<span class="code">
<pre>com.google.common.base.VerifyException: Cannot find a push that affects this pull. This would introduce an assume(false): JayHornAssertions_lastExceptionThrown3 := pull(JayhornGlobalsClassVar, JayhornGlobals)
	at com.google.common.base.Verify.verify(Verify.java:123)
	at soottocfg.cfg.util.InterProceduralPullPushOrdering.getFPOsInfluencing(InterProceduralPullPushOrdering.java:178)
	at soottocfg.cfg.util.InterProceduralPullPushOrdering.getPushsInfluencing(InterProceduralPullPushOrdering.java:133)
	at soottocfg.soot.memory_model.PushIdentifierAdder.addToPushesAndPulls(PushIdentifierAdder.java:83)
	at soottocfg.soot.memory_model.PushIdentifierAdder.addIDs(PushIdentifierAdder.java:41)
	at soottocfg.soot.SootToCfg.run(SootToCfg.java:136)
	at jayhorn.test.integration_tests.FailingNumericTests.verifyAssertions(FailingNumericTests.java:81)
	at jayhorn.test.integration_tests.FailingNumericTests.testWithPrincess(FailingNumericTests.java:67)
	at sun.reflect.NativeMethodAccessorImpl.invoke0(Native Method)
	at sun.reflect.NativeMethodAccessorImpl.invoke(NativeMethodAccessorImpl.java:57)
	at sun.reflect.DelegatingMethodAccessorImpl.invoke(DelegatingMethodAccessorImpl.java:43)
	at java.lang.reflect.Method.invoke(Method.java:606)
	at org.junit.runners.model.FrameworkMethod$1.runReflectiveCall(FrameworkMethod.java:50)
	at org.junit.internal.runners.model.ReflectiveCallable.run(ReflectiveCallable.java:12)
	at org.junit.runners.model.FrameworkMethod.invokeExplosively(FrameworkMethod.java:47)
	at org.junit.internal.runners.statements.InvokeMethod.evaluate(InvokeMethod.java:17)
	at org.junit.runners.ParentRunner.runLeaf(ParentRunner.java:325)
	at org.junit.runners.BlockJUnit4ClassRunner.runChild(BlockJUnit4ClassRunner.java:78)
	at org.junit.runners.BlockJUnit4ClassRunner.runChild(BlockJUnit4ClassRunner.java:57)
	at org.junit.runners.ParentRunner$3.run(ParentRunner.java:290)
	at org.junit.runners.ParentRunner$1.schedule(ParentRunner.java:71)
	at org.junit.runners.ParentRunner.runChildren(ParentRunner.java:288)
	at org.junit.runners.ParentRunner.access$000(ParentRunner.java:58)
	at org.junit.runners.ParentRunner$2.evaluate(ParentRunner.java:268)
	at org.junit.runners.ParentRunner.run(ParentRunner.java:363)
	at org.junit.runners.Suite.runChild(Suite.java:128)
	at org.junit.runners.Suite.runChild(Suite.java:27)
	at org.junit.runners.ParentRunner$3.run(ParentRunner.java:290)
	at org.junit.runners.ParentRunner$1.schedule(ParentRunner.java:71)
	at org.junit.runners.ParentRunner.runChildren(ParentRunner.java:288)
	at org.junit.runners.ParentRunner.access$000(ParentRunner.java:58)
	at org.junit.runners.ParentRunner$2.evaluate(ParentRunner.java:268)
	at org.junit.runners.ParentRunner.run(ParentRunner.java:363)
	at org.gradle.api.internal.tasks.testing.junit.JUnitTestClassExecuter.runTestClass(JUnitTestClassExecuter.java:86)
	at org.gradle.api.internal.tasks.testing.junit.JUnitTestClassExecuter.execute(JUnitTestClassExecuter.java:49)
	at org.gradle.api.internal.tasks.testing.junit.JUnitTestClassProcessor.processTestClass(JUnitTestClassProcessor.java:69)
	at org.gradle.api.internal.tasks.testing.SuiteTestClassProcessor.processTestClass(SuiteTestClassProcessor.java:48)
	at sun.reflect.NativeMethodAccessorImpl.invoke0(Native Method)
	at sun.reflect.NativeMethodAccessorImpl.invoke(NativeMethodAccessorImpl.java:57)
	at sun.reflect.DelegatingMethodAccessorImpl.invoke(DelegatingMethodAccessorImpl.java:43)
	at java.lang.reflect.Method.invoke(Method.java:606)
	at org.gradle.messaging.dispatch.ReflectionDispatch.dispatch(ReflectionDispatch.java:35)
	at org.gradle.messaging.dispatch.ReflectionDispatch.dispatch(ReflectionDispatch.java:24)
	at org.gradle.messaging.dispatch.ContextClassLoaderDispatch.dispatch(ContextClassLoaderDispatch.java:32)
	at org.gradle.messaging.dispatch.ProxyDispatchAdapter$DispatchingInvocationHandler.invoke(ProxyDispatchAdapter.java:93)
	at com.sun.proxy.$Proxy2.processTestClass(Unknown Source)
	at org.gradle.api.internal.tasks.testing.worker.TestWorker.processTestClass(TestWorker.java:105)
	at sun.reflect.NativeMethodAccessorImpl.invoke0(Native Method)
	at sun.reflect.NativeMethodAccessorImpl.invoke(NativeMethodAccessorImpl.java:57)
	at sun.reflect.DelegatingMethodAccessorImpl.invoke(DelegatingMethodAccessorImpl.java:43)
	at java.lang.reflect.Method.invoke(Method.java:606)
	at org.gradle.messaging.dispatch.ReflectionDispatch.dispatch(ReflectionDispatch.java:35)
	at org.gradle.messaging.dispatch.ReflectionDispatch.dispatch(ReflectionDispatch.java:24)
	at org.gradle.messaging.remote.internal.hub.MessageHub$Handler.run(MessageHub.java:360)
	at org.gradle.internal.concurrent.DefaultExecutorFactory$StoppableExecutorImpl$1.run(DefaultExecutorFactory.java:64)
	at java.util.concurrent.ThreadPoolExecutor.runWorker(ThreadPoolExecutor.java:1145)
	at java.util.concurrent.ThreadPoolExecutor$Worker.run(ThreadPoolExecutor.java:615)
	at java.lang.Thread.run(Thread.java:745)
</pre>
</span>
</div>
<div class="test">
<a name="testWithPrincess[1: check (SatFloats.java)]"></a>
<h3 class="failures">testWithPrincess[1: check (SatFloats.java)]</h3>
<span class="code">
<pre>java.lang.AssertionError: For SatFloats.java: expected true but got false
	at org.junit.Assert.fail(Assert.java:88)
	at org.junit.Assert.assertTrue(Assert.java:41)
	at jayhorn.test.integration_tests.FailingNumericTests.verifyAssertions(FailingNumericTests.java:87)
	at jayhorn.test.integration_tests.FailingNumericTests.testWithPrincess(FailingNumericTests.java:67)
	at sun.reflect.NativeMethodAccessorImpl.invoke0(Native Method)
	at sun.reflect.NativeMethodAccessorImpl.invoke(NativeMethodAccessorImpl.java:57)
	at sun.reflect.DelegatingMethodAccessorImpl.invoke(DelegatingMethodAccessorImpl.java:43)
	at java.lang.reflect.Method.invoke(Method.java:606)
	at org.junit.runners.model.FrameworkMethod$1.runReflectiveCall(FrameworkMethod.java:50)
	at org.junit.internal.runners.model.ReflectiveCallable.run(ReflectiveCallable.java:12)
	at org.junit.runners.model.FrameworkMethod.invokeExplosively(FrameworkMethod.java:47)
	at org.junit.internal.runners.statements.InvokeMethod.evaluate(InvokeMethod.java:17)
	at org.junit.runners.ParentRunner.runLeaf(ParentRunner.java:325)
	at org.junit.runners.BlockJUnit4ClassRunner.runChild(BlockJUnit4ClassRunner.java:78)
	at org.junit.runners.BlockJUnit4ClassRunner.runChild(BlockJUnit4ClassRunner.java:57)
	at org.junit.runners.ParentRunner$3.run(ParentRunner.java:290)
	at org.junit.runners.ParentRunner$1.schedule(ParentRunner.java:71)
	at org.junit.runners.ParentRunner.runChildren(ParentRunner.java:288)
	at org.junit.runners.ParentRunner.access$000(ParentRunner.java:58)
	at org.junit.runners.ParentRunner$2.evaluate(ParentRunner.java:268)
	at org.junit.runners.ParentRunner.run(ParentRunner.java:363)
	at org.junit.runners.Suite.runChild(Suite.java:128)
	at org.junit.runners.Suite.runChild(Suite.java:27)
	at org.junit.runners.ParentRunner$3.run(ParentRunner.java:290)
	at org.junit.runners.ParentRunner$1.schedule(ParentRunner.java:71)
	at org.junit.runners.ParentRunner.runChildren(ParentRunner.java:288)
	at org.junit.runners.ParentRunner.access$000(ParentRunner.java:58)
	at org.junit.runners.ParentRunner$2.evaluate(ParentRunner.java:268)
	at org.junit.runners.ParentRunner.run(ParentRunner.java:363)
	at org.gradle.api.internal.tasks.testing.junit.JUnitTestClassExecuter.runTestClass(JUnitTestClassExecuter.java:86)
	at org.gradle.api.internal.tasks.testing.junit.JUnitTestClassExecuter.execute(JUnitTestClassExecuter.java:49)
	at org.gradle.api.internal.tasks.testing.junit.JUnitTestClassProcessor.processTestClass(JUnitTestClassProcessor.java:69)
	at org.gradle.api.internal.tasks.testing.SuiteTestClassProcessor.processTestClass(SuiteTestClassProcessor.java:48)
	at sun.reflect.NativeMethodAccessorImpl.invoke0(Native Method)
	at sun.reflect.NativeMethodAccessorImpl.invoke(NativeMethodAccessorImpl.java:57)
	at sun.reflect.DelegatingMethodAccessorImpl.invoke(DelegatingMethodAccessorImpl.java:43)
	at java.lang.reflect.Method.invoke(Method.java:606)
	at org.gradle.messaging.dispatch.ReflectionDispatch.dispatch(ReflectionDispatch.java:35)
	at org.gradle.messaging.dispatch.ReflectionDispatch.dispatch(ReflectionDispatch.java:24)
	at org.gradle.messaging.dispatch.ContextClassLoaderDispatch.dispatch(ContextClassLoaderDispatch.java:32)
	at org.gradle.messaging.dispatch.ProxyDispatchAdapter$DispatchingInvocationHandler.invoke(ProxyDispatchAdapter.java:93)
	at com.sun.proxy.$Proxy2.processTestClass(Unknown Source)
	at org.gradle.api.internal.tasks.testing.worker.TestWorker.processTestClass(TestWorker.java:105)
	at sun.reflect.NativeMethodAccessorImpl.invoke0(Native Method)
	at sun.reflect.NativeMethodAccessorImpl.invoke(NativeMethodAccessorImpl.java:57)
	at sun.reflect.DelegatingMethodAccessorImpl.invoke(DelegatingMethodAccessorImpl.java:43)
	at java.lang.reflect.Method.invoke(Method.java:606)
	at org.gradle.messaging.dispatch.ReflectionDispatch.dispatch(ReflectionDispatch.java:35)
	at org.gradle.messaging.dispatch.ReflectionDispatch.dispatch(ReflectionDispatch.java:24)
	at org.gradle.messaging.remote.internal.hub.MessageHub$Handler.run(MessageHub.java:360)
	at org.gradle.internal.concurrent.DefaultExecutorFactory$StoppableExecutorImpl$1.run(DefaultExecutorFactory.java:64)
	at java.util.concurrent.ThreadPoolExecutor.runWorker(ThreadPoolExecutor.java:1145)
	at java.util.concurrent.ThreadPoolExecutor$Worker.run(ThreadPoolExecutor.java:615)
	at java.lang.Thread.run(Thread.java:745)
</pre>
</span>
</div>
<div class="test">
<a name="testWithPrincess[2: check (SatLong.java)]"></a>
<h3 class="failures">testWithPrincess[2: check (SatLong.java)]</h3>
<span class="code">
<pre>com.google.common.base.VerifyException: Cannot find a push that affects this pull. This would introduce an assume(false): JayHornAssertions_lastExceptionThrown3 := pull(JayhornGlobalsClassVar, JayhornGlobals)
	at com.google.common.base.Verify.verify(Verify.java:123)
	at soottocfg.cfg.util.InterProceduralPullPushOrdering.getFPOsInfluencing(InterProceduralPullPushOrdering.java:178)
	at soottocfg.cfg.util.InterProceduralPullPushOrdering.getPushsInfluencing(InterProceduralPullPushOrdering.java:133)
	at soottocfg.soot.memory_model.PushIdentifierAdder.addToPushesAndPulls(PushIdentifierAdder.java:83)
	at soottocfg.soot.memory_model.PushIdentifierAdder.addIDs(PushIdentifierAdder.java:41)
	at soottocfg.soot.SootToCfg.run(SootToCfg.java:136)
	at jayhorn.test.integration_tests.FailingNumericTests.verifyAssertions(FailingNumericTests.java:81)
	at jayhorn.test.integration_tests.FailingNumericTests.testWithPrincess(FailingNumericTests.java:67)
	at sun.reflect.NativeMethodAccessorImpl.invoke0(Native Method)
	at sun.reflect.NativeMethodAccessorImpl.invoke(NativeMethodAccessorImpl.java:57)
	at sun.reflect.DelegatingMethodAccessorImpl.invoke(DelegatingMethodAccessorImpl.java:43)
	at java.lang.reflect.Method.invoke(Method.java:606)
	at org.junit.runners.model.FrameworkMethod$1.runReflectiveCall(FrameworkMethod.java:50)
	at org.junit.internal.runners.model.ReflectiveCallable.run(ReflectiveCallable.java:12)
	at org.junit.runners.model.FrameworkMethod.invokeExplosively(FrameworkMethod.java:47)
	at org.junit.internal.runners.statements.InvokeMethod.evaluate(InvokeMethod.java:17)
	at org.junit.runners.ParentRunner.runLeaf(ParentRunner.java:325)
	at org.junit.runners.BlockJUnit4ClassRunner.runChild(BlockJUnit4ClassRunner.java:78)
	at org.junit.runners.BlockJUnit4ClassRunner.runChild(BlockJUnit4ClassRunner.java:57)
	at org.junit.runners.ParentRunner$3.run(ParentRunner.java:290)
	at org.junit.runners.ParentRunner$1.schedule(ParentRunner.java:71)
	at org.junit.runners.ParentRunner.runChildren(ParentRunner.java:288)
	at org.junit.runners.ParentRunner.access$000(ParentRunner.java:58)
	at org.junit.runners.ParentRunner$2.evaluate(ParentRunner.java:268)
	at org.junit.runners.ParentRunner.run(ParentRunner.java:363)
	at org.junit.runners.Suite.runChild(Suite.java:128)
	at org.junit.runners.Suite.runChild(Suite.java:27)
	at org.junit.runners.ParentRunner$3.run(ParentRunner.java:290)
	at org.junit.runners.ParentRunner$1.schedule(ParentRunner.java:71)
	at org.junit.runners.ParentRunner.runChildren(ParentRunner.java:288)
	at org.junit.runners.ParentRunner.access$000(ParentRunner.java:58)
	at org.junit.runners.ParentRunner$2.evaluate(ParentRunner.java:268)
	at org.junit.runners.ParentRunner.run(ParentRunner.java:363)
	at org.gradle.api.internal.tasks.testing.junit.JUnitTestClassExecuter.runTestClass(JUnitTestClassExecuter.java:86)
	at org.gradle.api.internal.tasks.testing.junit.JUnitTestClassExecuter.execute(JUnitTestClassExecuter.java:49)
	at org.gradle.api.internal.tasks.testing.junit.JUnitTestClassProcessor.processTestClass(JUnitTestClassProcessor.java:69)
	at org.gradle.api.internal.tasks.testing.SuiteTestClassProcessor.processTestClass(SuiteTestClassProcessor.java:48)
	at sun.reflect.NativeMethodAccessorImpl.invoke0(Native Method)
	at sun.reflect.NativeMethodAccessorImpl.invoke(NativeMethodAccessorImpl.java:57)
	at sun.reflect.DelegatingMethodAccessorImpl.invoke(DelegatingMethodAccessorImpl.java:43)
	at java.lang.reflect.Method.invoke(Method.java:606)
	at org.gradle.messaging.dispatch.ReflectionDispatch.dispatch(ReflectionDispatch.java:35)
	at org.gradle.messaging.dispatch.ReflectionDispatch.dispatch(ReflectionDispatch.java:24)
	at org.gradle.messaging.dispatch.ContextClassLoaderDispatch.dispatch(ContextClassLoaderDispatch.java:32)
	at org.gradle.messaging.dispatch.ProxyDispatchAdapter$DispatchingInvocationHandler.invoke(ProxyDispatchAdapter.java:93)
	at com.sun.proxy.$Proxy2.processTestClass(Unknown Source)
	at org.gradle.api.internal.tasks.testing.worker.TestWorker.processTestClass(TestWorker.java:105)
	at sun.reflect.NativeMethodAccessorImpl.invoke0(Native Method)
	at sun.reflect.NativeMethodAccessorImpl.invoke(NativeMethodAccessorImpl.java:57)
	at sun.reflect.DelegatingMethodAccessorImpl.invoke(DelegatingMethodAccessorImpl.java:43)
	at java.lang.reflect.Method.invoke(Method.java:606)
	at org.gradle.messaging.dispatch.ReflectionDispatch.dispatch(ReflectionDispatch.java:35)
	at org.gradle.messaging.dispatch.ReflectionDispatch.dispatch(ReflectionDispatch.java:24)
	at org.gradle.messaging.remote.internal.hub.MessageHub$Handler.run(MessageHub.java:360)
	at org.gradle.internal.concurrent.DefaultExecutorFactory$StoppableExecutorImpl$1.run(DefaultExecutorFactory.java:64)
	at java.util.concurrent.ThreadPoolExecutor.runWorker(ThreadPoolExecutor.java:1145)
	at java.util.concurrent.ThreadPoolExecutor$Worker.run(ThreadPoolExecutor.java:615)
	at java.lang.Thread.run(Thread.java:745)
</pre>
</span>
</div>
<div class="test">
<a name="testWithPrincess[3: check (UnsatBitOps.java)]"></a>
<h3 class="failures">testWithPrincess[3: check (UnsatBitOps.java)]</h3>
<span class="code">
<pre>java.lang.RuntimeException: Not implemented for u&gt;&gt;
	at jayhorn.hornify.MethodEncoder.exprToProverExpr(MethodEncoder.java:593)
	at jayhorn.hornify.MethodEncoder.statementToClause(MethodEncoder.java:321)
	at jayhorn.hornify.MethodEncoder.blockToHorn(MethodEncoder.java:262)
	at jayhorn.hornify.MethodEncoder.encode(MethodEncoder.java:132)
	at jayhorn.hornify.Hornify.toHorn(Hornify.java:69)
	at jayhorn.checker.Checker.checkProgram(Checker.java:49)
	at jayhorn.test.integration_tests.FailingNumericTests.verifyAssertions(FailingNumericTests.java:85)
	at jayhorn.test.integration_tests.FailingNumericTests.testWithPrincess(FailingNumericTests.java:67)
	at sun.reflect.NativeMethodAccessorImpl.invoke0(Native Method)
	at sun.reflect.NativeMethodAccessorImpl.invoke(NativeMethodAccessorImpl.java:57)
	at sun.reflect.DelegatingMethodAccessorImpl.invoke(DelegatingMethodAccessorImpl.java:43)
	at java.lang.reflect.Method.invoke(Method.java:606)
	at org.junit.runners.model.FrameworkMethod$1.runReflectiveCall(FrameworkMethod.java:50)
	at org.junit.internal.runners.model.ReflectiveCallable.run(ReflectiveCallable.java:12)
	at org.junit.runners.model.FrameworkMethod.invokeExplosively(FrameworkMethod.java:47)
	at org.junit.internal.runners.statements.InvokeMethod.evaluate(InvokeMethod.java:17)
	at org.junit.runners.ParentRunner.runLeaf(ParentRunner.java:325)
	at org.junit.runners.BlockJUnit4ClassRunner.runChild(BlockJUnit4ClassRunner.java:78)
	at org.junit.runners.BlockJUnit4ClassRunner.runChild(BlockJUnit4ClassRunner.java:57)
	at org.junit.runners.ParentRunner$3.run(ParentRunner.java:290)
	at org.junit.runners.ParentRunner$1.schedule(ParentRunner.java:71)
	at org.junit.runners.ParentRunner.runChildren(ParentRunner.java:288)
	at org.junit.runners.ParentRunner.access$000(ParentRunner.java:58)
	at org.junit.runners.ParentRunner$2.evaluate(ParentRunner.java:268)
	at org.junit.runners.ParentRunner.run(ParentRunner.java:363)
	at org.junit.runners.Suite.runChild(Suite.java:128)
	at org.junit.runners.Suite.runChild(Suite.java:27)
	at org.junit.runners.ParentRunner$3.run(ParentRunner.java:290)
	at org.junit.runners.ParentRunner$1.schedule(ParentRunner.java:71)
	at org.junit.runners.ParentRunner.runChildren(ParentRunner.java:288)
	at org.junit.runners.ParentRunner.access$000(ParentRunner.java:58)
	at org.junit.runners.ParentRunner$2.evaluate(ParentRunner.java:268)
	at org.junit.runners.ParentRunner.run(ParentRunner.java:363)
	at org.gradle.api.internal.tasks.testing.junit.JUnitTestClassExecuter.runTestClass(JUnitTestClassExecuter.java:86)
	at org.gradle.api.internal.tasks.testing.junit.JUnitTestClassExecuter.execute(JUnitTestClassExecuter.java:49)
	at org.gradle.api.internal.tasks.testing.junit.JUnitTestClassProcessor.processTestClass(JUnitTestClassProcessor.java:69)
	at org.gradle.api.internal.tasks.testing.SuiteTestClassProcessor.processTestClass(SuiteTestClassProcessor.java:48)
	at sun.reflect.NativeMethodAccessorImpl.invoke0(Native Method)
	at sun.reflect.NativeMethodAccessorImpl.invoke(NativeMethodAccessorImpl.java:57)
	at sun.reflect.DelegatingMethodAccessorImpl.invoke(DelegatingMethodAccessorImpl.java:43)
	at java.lang.reflect.Method.invoke(Method.java:606)
	at org.gradle.messaging.dispatch.ReflectionDispatch.dispatch(ReflectionDispatch.java:35)
	at org.gradle.messaging.dispatch.ReflectionDispatch.dispatch(ReflectionDispatch.java:24)
	at org.gradle.messaging.dispatch.ContextClassLoaderDispatch.dispatch(ContextClassLoaderDispatch.java:32)
	at org.gradle.messaging.dispatch.ProxyDispatchAdapter$DispatchingInvocationHandler.invoke(ProxyDispatchAdapter.java:93)
	at com.sun.proxy.$Proxy2.processTestClass(Unknown Source)
	at org.gradle.api.internal.tasks.testing.worker.TestWorker.processTestClass(TestWorker.java:105)
	at sun.reflect.NativeMethodAccessorImpl.invoke0(Native Method)
	at sun.reflect.NativeMethodAccessorImpl.invoke(NativeMethodAccessorImpl.java:57)
	at sun.reflect.DelegatingMethodAccessorImpl.invoke(DelegatingMethodAccessorImpl.java:43)
	at java.lang.reflect.Method.invoke(Method.java:606)
	at org.gradle.messaging.dispatch.ReflectionDispatch.dispatch(ReflectionDispatch.java:35)
	at org.gradle.messaging.dispatch.ReflectionDispatch.dispatch(ReflectionDispatch.java:24)
	at org.gradle.messaging.remote.internal.hub.MessageHub$Handler.run(MessageHub.java:360)
	at org.gradle.internal.concurrent.DefaultExecutorFactory$StoppableExecutorImpl$1.run(DefaultExecutorFactory.java:64)
	at java.util.concurrent.ThreadPoolExecutor.runWorker(ThreadPoolExecutor.java:1145)
	at java.util.concurrent.ThreadPoolExecutor$Worker.run(ThreadPoolExecutor.java:615)
	at java.lang.Thread.run(Thread.java:745)
</pre>
</span>
</div>
<div class="test">
<a name="testWithPrincess[4: check (SatBitOps.java)]"></a>
<h3 class="failures">testWithPrincess[4: check (SatBitOps.java)]</h3>
<span class="code">
<pre>java.lang.RuntimeException: Not implemented for u&gt;&gt;
	at jayhorn.hornify.MethodEncoder.exprToProverExpr(MethodEncoder.java:593)
	at jayhorn.hornify.MethodEncoder.statementToClause(MethodEncoder.java:321)
	at jayhorn.hornify.MethodEncoder.blockToHorn(MethodEncoder.java:262)
	at jayhorn.hornify.MethodEncoder.encode(MethodEncoder.java:132)
	at jayhorn.hornify.Hornify.toHorn(Hornify.java:69)
	at jayhorn.checker.Checker.checkProgram(Checker.java:49)
	at jayhorn.test.integration_tests.FailingNumericTests.verifyAssertions(FailingNumericTests.java:85)
	at jayhorn.test.integration_tests.FailingNumericTests.testWithPrincess(FailingNumericTests.java:67)
	at sun.reflect.NativeMethodAccessorImpl.invoke0(Native Method)
	at sun.reflect.NativeMethodAccessorImpl.invoke(NativeMethodAccessorImpl.java:57)
	at sun.reflect.DelegatingMethodAccessorImpl.invoke(DelegatingMethodAccessorImpl.java:43)
	at java.lang.reflect.Method.invoke(Method.java:606)
	at org.junit.runners.model.FrameworkMethod$1.runReflectiveCall(FrameworkMethod.java:50)
	at org.junit.internal.runners.model.ReflectiveCallable.run(ReflectiveCallable.java:12)
	at org.junit.runners.model.FrameworkMethod.invokeExplosively(FrameworkMethod.java:47)
	at org.junit.internal.runners.statements.InvokeMethod.evaluate(InvokeMethod.java:17)
	at org.junit.runners.ParentRunner.runLeaf(ParentRunner.java:325)
	at org.junit.runners.BlockJUnit4ClassRunner.runChild(BlockJUnit4ClassRunner.java:78)
	at org.junit.runners.BlockJUnit4ClassRunner.runChild(BlockJUnit4ClassRunner.java:57)
	at org.junit.runners.ParentRunner$3.run(ParentRunner.java:290)
	at org.junit.runners.ParentRunner$1.schedule(ParentRunner.java:71)
	at org.junit.runners.ParentRunner.runChildren(ParentRunner.java:288)
	at org.junit.runners.ParentRunner.access$000(ParentRunner.java:58)
	at org.junit.runners.ParentRunner$2.evaluate(ParentRunner.java:268)
	at org.junit.runners.ParentRunner.run(ParentRunner.java:363)
	at org.junit.runners.Suite.runChild(Suite.java:128)
	at org.junit.runners.Suite.runChild(Suite.java:27)
	at org.junit.runners.ParentRunner$3.run(ParentRunner.java:290)
	at org.junit.runners.ParentRunner$1.schedule(ParentRunner.java:71)
	at org.junit.runners.ParentRunner.runChildren(ParentRunner.java:288)
	at org.junit.runners.ParentRunner.access$000(ParentRunner.java:58)
	at org.junit.runners.ParentRunner$2.evaluate(ParentRunner.java:268)
	at org.junit.runners.ParentRunner.run(ParentRunner.java:363)
	at org.gradle.api.internal.tasks.testing.junit.JUnitTestClassExecuter.runTestClass(JUnitTestClassExecuter.java:86)
	at org.gradle.api.internal.tasks.testing.junit.JUnitTestClassExecuter.execute(JUnitTestClassExecuter.java:49)
	at org.gradle.api.internal.tasks.testing.junit.JUnitTestClassProcessor.processTestClass(JUnitTestClassProcessor.java:69)
	at org.gradle.api.internal.tasks.testing.SuiteTestClassProcessor.processTestClass(SuiteTestClassProcessor.java:48)
	at sun.reflect.NativeMethodAccessorImpl.invoke0(Native Method)
	at sun.reflect.NativeMethodAccessorImpl.invoke(NativeMethodAccessorImpl.java:57)
	at sun.reflect.DelegatingMethodAccessorImpl.invoke(DelegatingMethodAccessorImpl.java:43)
	at java.lang.reflect.Method.invoke(Method.java:606)
	at org.gradle.messaging.dispatch.ReflectionDispatch.dispatch(ReflectionDispatch.java:35)
	at org.gradle.messaging.dispatch.ReflectionDispatch.dispatch(ReflectionDispatch.java:24)
	at org.gradle.messaging.dispatch.ContextClassLoaderDispatch.dispatch(ContextClassLoaderDispatch.java:32)
	at org.gradle.messaging.dispatch.ProxyDispatchAdapter$DispatchingInvocationHandler.invoke(ProxyDispatchAdapter.java:93)
	at com.sun.proxy.$Proxy2.processTestClass(Unknown Source)
	at org.gradle.api.internal.tasks.testing.worker.TestWorker.processTestClass(TestWorker.java:105)
	at sun.reflect.NativeMethodAccessorImpl.invoke0(Native Method)
	at sun.reflect.NativeMethodAccessorImpl.invoke(NativeMethodAccessorImpl.java:57)
	at sun.reflect.DelegatingMethodAccessorImpl.invoke(DelegatingMethodAccessorImpl.java:43)
	at java.lang.reflect.Method.invoke(Method.java:606)
	at org.gradle.messaging.dispatch.ReflectionDispatch.dispatch(ReflectionDispatch.java:35)
	at org.gradle.messaging.dispatch.ReflectionDispatch.dispatch(ReflectionDispatch.java:24)
	at org.gradle.messaging.remote.internal.hub.MessageHub$Handler.run(MessageHub.java:360)
	at org.gradle.internal.concurrent.DefaultExecutorFactory$StoppableExecutorImpl$1.run(DefaultExecutorFactory.java:64)
	at java.util.concurrent.ThreadPoolExecutor.runWorker(ThreadPoolExecutor.java:1145)
	at java.util.concurrent.ThreadPoolExecutor$Worker.run(ThreadPoolExecutor.java:615)
	at java.lang.Thread.run(Thread.java:745)
</pre>
</span>
</div>
<div class="test">
<a name="testWithPrincess[5: check (UnsatFloats.java)]"></a>
<h3 class="failures">testWithPrincess[5: check (UnsatFloats.java)]</h3>
<span class="code">
<pre>com.google.common.base.VerifyException: Cannot find a push that affects this pull. This would introduce an assume(false): JayHornAssertions_lastExceptionThrown3 := pull(JayhornGlobalsClassVar, JayhornGlobals)
	at com.google.common.base.Verify.verify(Verify.java:123)
	at soottocfg.cfg.util.InterProceduralPullPushOrdering.getFPOsInfluencing(InterProceduralPullPushOrdering.java:178)
	at soottocfg.cfg.util.InterProceduralPullPushOrdering.getPushsInfluencing(InterProceduralPullPushOrdering.java:133)
	at soottocfg.soot.memory_model.PushIdentifierAdder.addToPushesAndPulls(PushIdentifierAdder.java:83)
	at soottocfg.soot.memory_model.PushIdentifierAdder.addIDs(PushIdentifierAdder.java:41)
	at soottocfg.soot.SootToCfg.run(SootToCfg.java:136)
	at jayhorn.test.integration_tests.FailingNumericTests.verifyAssertions(FailingNumericTests.java:81)
	at jayhorn.test.integration_tests.FailingNumericTests.testWithPrincess(FailingNumericTests.java:67)
	at sun.reflect.NativeMethodAccessorImpl.invoke0(Native Method)
	at sun.reflect.NativeMethodAccessorImpl.invoke(NativeMethodAccessorImpl.java:57)
	at sun.reflect.DelegatingMethodAccessorImpl.invoke(DelegatingMethodAccessorImpl.java:43)
	at java.lang.reflect.Method.invoke(Method.java:606)
	at org.junit.runners.model.FrameworkMethod$1.runReflectiveCall(FrameworkMethod.java:50)
	at org.junit.internal.runners.model.ReflectiveCallable.run(ReflectiveCallable.java:12)
	at org.junit.runners.model.FrameworkMethod.invokeExplosively(FrameworkMethod.java:47)
	at org.junit.internal.runners.statements.InvokeMethod.evaluate(InvokeMethod.java:17)
	at org.junit.runners.ParentRunner.runLeaf(ParentRunner.java:325)
	at org.junit.runners.BlockJUnit4ClassRunner.runChild(BlockJUnit4ClassRunner.java:78)
	at org.junit.runners.BlockJUnit4ClassRunner.runChild(BlockJUnit4ClassRunner.java:57)
	at org.junit.runners.ParentRunner$3.run(ParentRunner.java:290)
	at org.junit.runners.ParentRunner$1.schedule(ParentRunner.java:71)
	at org.junit.runners.ParentRunner.runChildren(ParentRunner.java:288)
	at org.junit.runners.ParentRunner.access$000(ParentRunner.java:58)
	at org.junit.runners.ParentRunner$2.evaluate(ParentRunner.java:268)
	at org.junit.runners.ParentRunner.run(ParentRunner.java:363)
	at org.junit.runners.Suite.runChild(Suite.java:128)
	at org.junit.runners.Suite.runChild(Suite.java:27)
	at org.junit.runners.ParentRunner$3.run(ParentRunner.java:290)
	at org.junit.runners.ParentRunner$1.schedule(ParentRunner.java:71)
	at org.junit.runners.ParentRunner.runChildren(ParentRunner.java:288)
	at org.junit.runners.ParentRunner.access$000(ParentRunner.java:58)
	at org.junit.runners.ParentRunner$2.evaluate(ParentRunner.java:268)
	at org.junit.runners.ParentRunner.run(ParentRunner.java:363)
	at org.gradle.api.internal.tasks.testing.junit.JUnitTestClassExecuter.runTestClass(JUnitTestClassExecuter.java:86)
	at org.gradle.api.internal.tasks.testing.junit.JUnitTestClassExecuter.execute(JUnitTestClassExecuter.java:49)
	at org.gradle.api.internal.tasks.testing.junit.JUnitTestClassProcessor.processTestClass(JUnitTestClassProcessor.java:69)
	at org.gradle.api.internal.tasks.testing.SuiteTestClassProcessor.processTestClass(SuiteTestClassProcessor.java:48)
	at sun.reflect.NativeMethodAccessorImpl.invoke0(Native Method)
	at sun.reflect.NativeMethodAccessorImpl.invoke(NativeMethodAccessorImpl.java:57)
	at sun.reflect.DelegatingMethodAccessorImpl.invoke(DelegatingMethodAccessorImpl.java:43)
	at java.lang.reflect.Method.invoke(Method.java:606)
	at org.gradle.messaging.dispatch.ReflectionDispatch.dispatch(ReflectionDispatch.java:35)
	at org.gradle.messaging.dispatch.ReflectionDispatch.dispatch(ReflectionDispatch.java:24)
	at org.gradle.messaging.dispatch.ContextClassLoaderDispatch.dispatch(ContextClassLoaderDispatch.java:32)
	at org.gradle.messaging.dispatch.ProxyDispatchAdapter$DispatchingInvocationHandler.invoke(ProxyDispatchAdapter.java:93)
	at com.sun.proxy.$Proxy2.processTestClass(Unknown Source)
	at org.gradle.api.internal.tasks.testing.worker.TestWorker.processTestClass(TestWorker.java:105)
	at sun.reflect.NativeMethodAccessorImpl.invoke0(Native Method)
	at sun.reflect.NativeMethodAccessorImpl.invoke(NativeMethodAccessorImpl.java:57)
	at sun.reflect.DelegatingMethodAccessorImpl.invoke(DelegatingMethodAccessorImpl.java:43)
	at java.lang.reflect.Method.invoke(Method.java:606)
	at org.gradle.messaging.dispatch.ReflectionDispatch.dispatch(ReflectionDispatch.java:35)
	at org.gradle.messaging.dispatch.ReflectionDispatch.dispatch(ReflectionDispatch.java:24)
	at org.gradle.messaging.remote.internal.hub.MessageHub$Handler.run(MessageHub.java:360)
	at org.gradle.internal.concurrent.DefaultExecutorFactory$StoppableExecutorImpl$1.run(DefaultExecutorFactory.java:64)
	at java.util.concurrent.ThreadPoolExecutor.runWorker(ThreadPoolExecutor.java:1145)
	at java.util.concurrent.ThreadPoolExecutor$Worker.run(ThreadPoolExecutor.java:615)
	at java.lang.Thread.run(Thread.java:745)
</pre>
</span>
</div>
</div>
<div id="tab1" class="tab">
<h2>Tests</h2>
<table>
<thead>
<tr>
<th>Test</th>
<th>Duration</th>
<th>Result</th>
</tr>
</thead>
<tr>
<td class="failures">testWithPrincess[0: check (UnsatLong.java)]</td>
<td>1.101s</td>
<td class="failures">failed</td>
</tr>
<tr>
<td class="failures">testWithPrincess[1: check (SatFloats.java)]</td>
<td>1.323s</td>
<td class="failures">failed</td>
</tr>
<tr>
<td class="failures">testWithPrincess[2: check (SatLong.java)]</td>
<td>1.039s</td>
<td class="failures">failed</td>
</tr>
<tr>
<td class="failures">testWithPrincess[3: check (UnsatBitOps.java)]</td>
<td>1.010s</td>
<td class="failures">failed</td>
</tr>
<tr>
<td class="failures">testWithPrincess[4: check (SatBitOps.java)]</td>
<td>1.220s</td>
<td class="failures">failed</td>
</tr>
<tr>
<td class="failures">testWithPrincess[5: check (UnsatFloats.java)]</td>
<td>0.957s</td>
<td class="failures">failed</td>
</tr>
</table>
</div>
<div id="tab2" class="tab">
<h2>Standard output</h2>
<span class="code">
<pre>
Running test UnsatLong.java with class jayhorn.solver.princess.PrincessProverFactory


Running test SatFloats.java with class jayhorn.solver.princess.PrincessProverFactory

[root] - Hornify  ... 
[root] - Check if program has one entry ... 
[root] - Interprocedural Push/Pull Ordering
[root] - Building type hierarchy ... 
[root] - Generating Method Contract ... 
[root] - Transform Program Methods into Horn Clauses ... 
		iHavoc_Classggintghavoc_intopk_Block0 :- iHavoc_Classggintghavoc_intopk_pre.
		iHavoc_Classggintghavoc_intopk_post(resultVar0_23193) :- iHavoc_Classggintghavoc_intopk_Block0.
		iSatFloatsggvoidgiinitkopk_Block1(kin_0_23195, kin_0_23195, kthis__23196, SatFloats_23197, lastpush_23198, r0_23199, r0_kdynamicType_5350_23200) :- iSatFloatsggvoidgiinitkopk_pre(kin_0_23195).
		iSatFloatsggvoidgiinitkopk_Block1_1(kin_0_23194, kin_0_23201, SatFloats_23203) :- iSatFloatsggvoidgiinitkopk_Block1(kin_0_23194, kin_0_23201, kthis__23202, SatFloats_23203, lastpush_23204, r0_23205, r0_kdynamicType_5350_23206).
		iSatFloatsggvoidgiinitkopk_Block1_2(kin_0_23194, SatFloats_23208, kthis__23207) :- iSatFloatsggvoidgiinitkopk_Block1_1(kin_0_23194, kthis__23207, SatFloats_23208).
		iSatFloatsggvoidgiinitkopk_Block1_3(kin_0_23194, r0_23211, 67) :- iSatFloatsggvoidgiinitkopk_Block1_2(kin_0_23194, SatFloats_23210, r0_23211).
		iSatFloatsggvoidgiinitkopk_Block1_4(kin_0_23194, 582, r0_23213, r0_kdynamicType_5350_23214) :- iSatFloatsggvoidgiinitkopk_Block1_3(kin_0_23194, r0_23213, r0_kdynamicType_5350_23214).
		inv_SatFloats(r0_23217, r0_kdynamicType_5350_23218, lastpush_23216) :- iSatFloatsggvoidgiinitkopk_Block1_4(kin_0_23194, lastpush_23216, r0_23217, r0_kdynamicType_5350_23218).
		iSatFloatsggvoidgiinitkopk_Block1_5(kin_0_23194, r0_23217) :- iSatFloatsggvoidgiinitkopk_Block1_4(kin_0_23194, lastpush_23216, r0_23217, r0_kdynamicType_5350_23218).
		ijavaulanguObjectggvoidgiinitkopk_pre(r0_23219) :- iSatFloatsggvoidgiinitkopk_Block1_5(kin_0_23194, r0_23219).
		iSatFloatsggvoidgiinitkopk_Block1_6(kin_0_23194) :- iSatFloatsggvoidgiinitkopk_Block1_5(kin_0_23194, r0_23219), ijavaulanguObjectggvoidgiinitkopk_post(r0_23219, callRes_23221).
		iSatFloatsggvoidgiinitkopk_Block0(kin_0_23194) :- iSatFloatsggvoidgiinitkopk_Block1_6(kin_0_23194).
		iSatFloatsggvoidgiinitkopk_post(kin_0_23222, resultVar0_23223, resultVar1_23224) :- iSatFloatsggvoidgiinitkopk_Block0(kin_0_23222).
		ijavaulanguObjectggvoidgiinitkopk_Block0(kin_0_23226, kin_0_23226, javavlangvObject_23227, lastpush_23228) :- ijavaulanguObjectggvoidgiinitkopk_pre(kin_0_23226).
		ijavaulanguObjectggvoidgiinitkopk_Block0_1(kin_0_23225, kin_0_23229, javavlangvObject_23230, 584) :- ijavaulanguObjectggvoidgiinitkopk_Block0(kin_0_23225, kin_0_23229, javavlangvObject_23230, lastpush_23231).
		inv_javavlangvObject(kin_0_23232, 1, lastpush_23234) :- ijavaulanguObjectggvoidgiinitkopk_Block0_1(kin_0_23225, kin_0_23232, javavlangvObject_23233, lastpush_23234).
		ijavaulanguObjectggvoidgiinitkopk_Block0_2(kin_0_23225) :- ijavaulanguObjectggvoidgiinitkopk_Block0_1(kin_0_23225, kin_0_23232, javavlangvObject_23233, lastpush_23234).
		ijavaulanguObjectggvoidgiinitkopk_post(kin_0_23235, resultVar0_23236) :- ijavaulanguObjectggvoidgiinitkopk_Block0_2(kin_0_23235).
		iSatFloatsggvoidgmainoJayArray_java_lang_Stringpk_Block1(kin_0_23243, kassert_6_23238, kb0_23239, kfloat69_23240, kfloat70_23241, kfloat71_23242, kin_0_23243, JayArray_java_lang_String_23244, f0_23245, f1_23246, lastpush_23247, undef_field0_23248, undef_field1_23249, undef_field2_23250, undef_field3_23251, undef_field4_23252, undef_size_23253) :- iSatFloatsggvoidgmainoJayArray_java_lang_Stringpk_pre(kin_0_23243).
		iSatFloatsggvoidgmainoJayArray_java_lang_Stringpk_Block1_1(kin_0_23237, kassert_6_23254, kfloat69_23256, kfloat70_23257, kfloat71_23258, kin_0_23259, JayArray_java_lang_String_23260, undef_field0_23264, undef_field1_23265, undef_field2_23266, undef_field3_23267, undef_field4_23268, undef_size_23269) :- iSatFloatsggvoidgmainoJayArray_java_lang_Stringpk_Block1(kin_0_23237, kassert_6_23254, kb0_23255, kfloat69_23256, kfloat70_23257, kfloat71_23258, kin_0_23259, JayArray_java_lang_String_23260, f0_23261, f1_23262, lastpush_23263, undef_field0_23264, undef_field1_23265, undef_field2_23266, undef_field3_23267, undef_field4_23268, undef_size_23269), undef_size_23269 &gt;= 0.
		iSatFloatsggvoidgmainoJayArray_java_lang_Stringpk_Block1_2(kin_0_23237, kassert_6_23270, kfloat69_23271, kfloat70_23272, kfloat71_23273, kin_0_23274, JayArray_java_lang_String_23275, undef_field0_23276, undef_field1_23277, undef_field2_23278, undef_field3_23279, undef_field4_23280, undef_size_23281) :- iSatFloatsggvoidgmainoJayArray_java_lang_Stringpk_Block1_1(kin_0_23237, kassert_6_23270, kfloat69_23271, kfloat70_23272, kfloat71_23273, kin_0_23274, JayArray_java_lang_String_23275, undef_field0_23276, undef_field1_23277, undef_field2_23278, undef_field3_23279, undef_field4_23280, undef_size_23281).
		iSatFloatsggvoidgmainoJayArray_java_lang_Stringpk_Block1_3(kin_0_23237, kassert_6_23282, kfloat69_23283, kfloat70_23284, kfloat71_23285, kin_0_23286, JayArray_java_lang_String_23287, 585, undef_field0_23288, undef_field1_23289, undef_field2_23290, undef_field3_23291, undef_field4_23292, undef_size_23293) :- iSatFloatsggvoidgmainoJayArray_java_lang_Stringpk_Block1_2(kin_0_23237, kassert_6_23282, kfloat69_23283, kfloat70_23284, kfloat71_23285, kin_0_23286, JayArray_java_lang_String_23287, undef_field0_23288, undef_field1_23289, undef_field2_23290, undef_field3_23291, undef_field4_23292, undef_size_23293).
		inv_JayArray_java_lang_String(kin_0_23299, undef_size_23307, 68, 68, undef_field0_23302, undef_field1_23303, undef_field2_23304, undef_field3_23305, undef_field4_23306, lastpush_23301) :- iSatFloatsggvoidgmainoJayArray_java_lang_Stringpk_Block1_3(kin_0_23237, kassert_6_23295, kfloat69_23296, kfloat70_23297, kfloat71_23298, kin_0_23299, JayArray_java_lang_String_23300, lastpush_23301, undef_field0_23302, undef_field1_23303, undef_field2_23304, undef_field3_23305, undef_field4_23306, undef_size_23307).
		iSatFloatsggvoidgmainoJayArray_java_lang_Stringpk_Block1_4(kin_0_23237, kassert_6_23295, kfloat69_23296, kfloat70_23297, kfloat71_23298) :- iSatFloatsggvoidgmainoJayArray_java_lang_Stringpk_Block1_3(kin_0_23237, kassert_6_23295, kfloat69_23296, kfloat70_23297, kfloat71_23298, kin_0_23299, JayArray_java_lang_String_23300, lastpush_23301, undef_field0_23302, undef_field1_23303, undef_field2_23304, undef_field3_23305, undef_field4_23306, undef_size_23307).
		iSatFloatsggvoidgiclinitkopk_pre :- iSatFloatsggvoidgmainoJayArray_java_lang_Stringpk_Block1_4(kin_0_23237, kassert_6_23308, kfloat69_23309, kfloat70_23310, kfloat71_23311).
		iSatFloatsggvoidgmainoJayArray_java_lang_Stringpk_Block1_5(kin_0_23237, kassert_6_23308, kfloat69_23309, kfloat70_23310, kfloat71_23311) :- iSatFloatsggvoidgmainoJayArray_java_lang_Stringpk_Block1_4(kin_0_23237, kassert_6_23308, kfloat69_23309, kfloat70_23310, kfloat71_23311), iSatFloatsggvoidgiclinitkopk_post.
		iJayHornAssertionsggvoidgiclinitkopk_pre :- iSatFloatsggvoidgmainoJayArray_java_lang_Stringpk_Block1_5(kin_0_23237, kassert_6_23312, kfloat69_23313, kfloat70_23314, kfloat71_23315).
		iSatFloatsggvoidgmainoJayArray_java_lang_Stringpk_Block1_6(kin_0_23237, kassert_6_23312, kfloat69_23313, kfloat70_23314, kfloat71_23315) :- iSatFloatsggvoidgmainoJayArray_java_lang_Stringpk_Block1_5(kin_0_23237, kassert_6_23312, kfloat69_23313, kfloat70_23314, kfloat71_23315), iJayHornAssertionsggvoidgiclinitkopk_post.
		iSatFloatsggvoidgmainoJayArray_java_lang_Stringpk_Block1_7(kin_0_23237, kassert_6_23316, kfloat70_23318, kfloat71_23319, kfloat69_23317) :- iSatFloatsggvoidgmainoJayArray_java_lang_Stringpk_Block1_6(kin_0_23237, kassert_6_23316, kfloat69_23317, kfloat70_23318, kfloat71_23319).
		iSatFloatsggvoidgmainoJayArray_java_lang_Stringpk_Block1_8(kin_0_23237, kassert_6_23321, kfloat71_23323, f0_23324 * kfloat70_23322) :- iSatFloatsggvoidgmainoJayArray_java_lang_Stringpk_Block1_7(kin_0_23237, kassert_6_23321, kfloat70_23322, kfloat71_23323, f0_23324).
		iSatFloatsggvoidgmainoJayArray_java_lang_Stringpk_Block1_9(kin_0_23237, kassert_6_23326, \if (f1_23328 &gt;= kfloat71_23327) \ then (\if (kfloat71_23327 = f1_23328) \ then (0) \ else (-1*1)) \ else (1)) :- iSatFloatsggvoidgmainoJayArray_java_lang_Stringpk_Block1_8(kin_0_23237, kassert_6_23326, kfloat71_23327, f1_23328).
		iSatFloatsggvoidgmainoJayArray_java_lang_Stringpk_Block2(kin_0_23237) :- iSatFloatsggvoidgmainoJayArray_java_lang_Stringpk_Block1_9(kin_0_23237, kassert_6_23330, kb0_23331), kb0_23331 = 0.
		iSatFloatsggvoidgmainoJayArray_java_lang_Stringpk_Block3(kin_0_23237, kassert_6_23330) :- iSatFloatsggvoidgmainoJayArray_java_lang_Stringpk_Block1_9(kin_0_23237, kassert_6_23330, kb0_23331), !(kb0_23331 = 0).
		iSatFloatsggvoidgmainoJayArray_java_lang_Stringpk_Block0(kin_0_23237) :- iSatFloatsggvoidgmainoJayArray_java_lang_Stringpk_Block2(kin_0_23237).
		iSatFloatsggvoidgmainoJayArray_java_lang_Stringpk_Block3_1(kin_0_23237, \if (false) \ then (0) \ else (1)) :- iSatFloatsggvoidgmainoJayArray_java_lang_Stringpk_Block3(kin_0_23237, kassert_6_23332).
		false :- iSatFloatsggvoidgmainoJayArray_java_lang_Stringpk_Block3_1(kin_0_23237, kassert_6_23333), !(kassert_6_23333 = 0).
		iSatFloatsggvoidgmainoJayArray_java_lang_Stringpk_Block3_2(kin_0_23237) :- iSatFloatsggvoidgmainoJayArray_java_lang_Stringpk_Block3_1(kin_0_23237, kassert_6_23333).
		iSatFloatsggvoidgmainoJayArray_java_lang_Stringpk_Block2(kin_0_23237) :- iSatFloatsggvoidgmainoJayArray_java_lang_Stringpk_Block3_2(kin_0_23237).
		iSatFloatsggvoidgmainoJayArray_java_lang_Stringpk_post(kin_0_23334) :- iSatFloatsggvoidgmainoJayArray_java_lang_Stringpk_Block0(kin_0_23334).
		iSatFloatsggvoidgiclinitkopk_Block1 :- iSatFloatsggvoidgiclinitkopk_pre.
		iSatFloatsggvoidgiclinitkopk_Block0 :- iSatFloatsggvoidgiclinitkopk_Block1.
		iSatFloatsggvoidgiclinitkopk_post :- iSatFloatsggvoidgiclinitkopk_Block0.
		iJayHornAssertionsggvoidgiclinitkopk_Block1(knull_23335, JayHornAssertions_lastExceptionThrown0_23336, JayhornGlobals_23337, lastpush_23338) :- iJayHornAssertionsggvoidgiclinitkopk_pre.
		iJayHornAssertionsggvoidgiclinitkopk_Block1_1(knull_23339, JayhornGlobals_23341) :- iJayHornAssertionsggvoidgiclinitkopk_Block1(knull_23339, JayHornAssertions_lastExceptionThrown0_23340, JayhornGlobals_23341, lastpush_23342).
		iJayHornAssertionsggvoidgiclinitkopk_Block1_2(JayHornAssertions_lastExceptionThrown0_23343, JayhornGlobals_23344, 583) :- iJayHornAssertionsggvoidgiclinitkopk_Block1_1(JayHornAssertions_lastExceptionThrown0_23343, JayhornGlobals_23344).
		inv_JayhornGlobalsClassVar(JayhornGlobals_23347, JayHornAssertions_lastExceptionThrown0_23346, lastpush_23348) :- iJayHornAssertionsggvoidgiclinitkopk_Block1_2(JayHornAssertions_lastExceptionThrown0_23346, JayhornGlobals_23347, lastpush_23348).
		iJayHornAssertionsggvoidgiclinitkopk_Block1_3 :- iJayHornAssertionsggvoidgiclinitkopk_Block1_2(JayHornAssertions_lastExceptionThrown0_23346, JayhornGlobals_23347, lastpush_23348).
		iJayHornAssertionsggvoidgiclinitkopk_Block0 :- iJayHornAssertionsggvoidgiclinitkopk_Block1_3.
		iJayHornAssertionsggvoidgiclinitkopk_post :- iJayHornAssertionsggvoidgiclinitkopk_Block0.
		-------------


Running test SatLong.java with class jayhorn.solver.princess.PrincessProverFactory


Running test UnsatBitOps.java with class jayhorn.solver.princess.PrincessProverFactory

[root] - Hornify  ... 
[root] - Check if program has one entry ... 
[root] - Interprocedural Push/Pull Ordering
[root] - Building type hierarchy ... 
[root] - Generating Method Contract ... 
[root] - Transform Program Methods into Horn Clauses ... 

Running test SatBitOps.java with class jayhorn.solver.princess.PrincessProverFactory

[root] - Hornify  ... 
[root] - Check if program has one entry ... 
[root] - Interprocedural Push/Pull Ordering
[root] - Building type hierarchy ... 
[root] - Generating Method Contract ... 
[root] - Transform Program Methods into Horn Clauses ... 

Running test UnsatFloats.java with class jayhorn.solver.princess.PrincessProverFactory

</pre>
</span>
</div>
<div id="tab3" class="tab">
<h2>Standard error</h2>
<span class="code">
<pre>Not guarding cast from int to long. This should be done by the compiler.
Not guarding cast from long to int. This should be done by the compiler.
Not guarding cast from int to long. This should be done by the compiler.
Not guarding cast from long to int. This should be done by the compiler.
Not guarding cast from float to double. This should be done by the compiler.
</pre>
</span>
</div>
</div>
<div id="footer">
<p>Generated by 
<a href="http://www.gradle.org">Gradle 2.2.1</a> at Sep 8, 2016 1:14:54 AM</p>
</div>
</div>
</body>