<!DOCTYPE html>
<html>
<head>
<meta http-equiv="Content-Type" content="text/html; charset=utf-8"/>
<meta http-equiv="x-ua-compatible" content="IE=edge"/>
<title>Test results - Class jayhorn.test.integration_tests.CbmcTest</title>
<link href="../css/base-style.css" rel="stylesheet" type="text/css"/>
<link href="../css/style.css" rel="stylesheet" type="text/css"/>
<script src="../js/report.js" type="text/javascript"></script>
</head>
<body>
<div id="content">
<h1>Class jayhorn.test.integration_tests.CbmcTest</h1>
<div class="breadcrumbs">
<a href="../index.html">all</a> &gt; 
<a href="../packages/jayhorn.test.integration_tests.html">jayhorn.test.integration_tests</a> &gt; CbmcTest</div>
<div id="summary">
<table>
<tr>
<td>
<div class="summaryGroup">
<table>
<tr>
<td>
<div class="infoBox" id="tests">
<div class="counter">44</div>
<p>tests</p>
</div>
</td>
<td>
<div class="infoBox" id="failures">
<div class="counter">14</div>
<p>failures</p>
</div>
</td>
<td>
<div class="infoBox" id="ignored">
<div class="counter">0</div>
<p>ignored</p>
</div>
</td>
<td>
<div class="infoBox" id="duration">
<div class="counter">2m4.60s</div>
<p>duration</p>
</div>
</td>
</tr>
</table>
</div>
</td>
<td>
<div class="infoBox failures" id="successRate">
<div class="percent">68%</div>
<p>successful</p>
</div>
</td>
</tr>
</table>
</div>
<div id="tabs">
<ul class="tabLinks">
<li>
<a href="#tab0">Failed tests</a>
</li>
<li>
<a href="#tab1">Tests</a>
</li>
<li>
<a href="#tab2">Standard output</a>
</li>
<li>
<a href="#tab3">Standard error</a>
</li>
</ul>
<div id="tab0" class="tab">
<h2>Failed tests</h2>
<div class="test">
<a name="testWithPrincess[0: check (aastore_aaload1)]"></a>
<h3 class="failures">testWithPrincess[0: check (aastore_aaload1)]</h3>
<span class="code">
<pre>java.lang.AssertionError: Unexpected result for aastore_aaload1. Expected: true but got false
	at org.junit.Assert.fail(Assert.java:88)
	at org.junit.Assert.assertTrue(Assert.java:41)
	at jayhorn.test.integration_tests.CbmcTest.verifyAssertions(CbmcTest.java:99)
	at jayhorn.test.integration_tests.CbmcTest.testWithPrincess(CbmcTest.java:75)
	at sun.reflect.NativeMethodAccessorImpl.invoke0(Native Method)
	at sun.reflect.NativeMethodAccessorImpl.invoke(NativeMethodAccessorImpl.java:57)
	at sun.reflect.DelegatingMethodAccessorImpl.invoke(DelegatingMethodAccessorImpl.java:43)
	at java.lang.reflect.Method.invoke(Method.java:606)
	at org.junit.runners.model.FrameworkMethod$1.runReflectiveCall(FrameworkMethod.java:50)
	at org.junit.internal.runners.model.ReflectiveCallable.run(ReflectiveCallable.java:12)
	at org.junit.runners.model.FrameworkMethod.invokeExplosively(FrameworkMethod.java:47)
	at org.junit.internal.runners.statements.InvokeMethod.evaluate(InvokeMethod.java:17)
	at org.junit.runners.ParentRunner.runLeaf(ParentRunner.java:325)
	at org.junit.runners.BlockJUnit4ClassRunner.runChild(BlockJUnit4ClassRunner.java:78)
	at org.junit.runners.BlockJUnit4ClassRunner.runChild(BlockJUnit4ClassRunner.java:57)
	at org.junit.runners.ParentRunner$3.run(ParentRunner.java:290)
	at org.junit.runners.ParentRunner$1.schedule(ParentRunner.java:71)
	at org.junit.runners.ParentRunner.runChildren(ParentRunner.java:288)
	at org.junit.runners.ParentRunner.access$000(ParentRunner.java:58)
	at org.junit.runners.ParentRunner$2.evaluate(ParentRunner.java:268)
	at org.junit.runners.ParentRunner.run(ParentRunner.java:363)
	at org.junit.runners.Suite.runChild(Suite.java:128)
	at org.junit.runners.Suite.runChild(Suite.java:27)
	at org.junit.runners.ParentRunner$3.run(ParentRunner.java:290)
	at org.junit.runners.ParentRunner$1.schedule(ParentRunner.java:71)
	at org.junit.runners.ParentRunner.runChildren(ParentRunner.java:288)
	at org.junit.runners.ParentRunner.access$000(ParentRunner.java:58)
	at org.junit.runners.ParentRunner$2.evaluate(ParentRunner.java:268)
	at org.junit.runners.ParentRunner.run(ParentRunner.java:363)
	at org.gradle.api.internal.tasks.testing.junit.JUnitTestClassExecuter.runTestClass(JUnitTestClassExecuter.java:86)
	at org.gradle.api.internal.tasks.testing.junit.JUnitTestClassExecuter.execute(JUnitTestClassExecuter.java:49)
	at org.gradle.api.internal.tasks.testing.junit.JUnitTestClassProcessor.processTestClass(JUnitTestClassProcessor.java:69)
	at org.gradle.api.internal.tasks.testing.SuiteTestClassProcessor.processTestClass(SuiteTestClassProcessor.java:48)
	at sun.reflect.NativeMethodAccessorImpl.invoke0(Native Method)
	at sun.reflect.NativeMethodAccessorImpl.invoke(NativeMethodAccessorImpl.java:57)
	at sun.reflect.DelegatingMethodAccessorImpl.invoke(DelegatingMethodAccessorImpl.java:43)
	at java.lang.reflect.Method.invoke(Method.java:606)
	at org.gradle.messaging.dispatch.ReflectionDispatch.dispatch(ReflectionDispatch.java:35)
	at org.gradle.messaging.dispatch.ReflectionDispatch.dispatch(ReflectionDispatch.java:24)
	at org.gradle.messaging.dispatch.ContextClassLoaderDispatch.dispatch(ContextClassLoaderDispatch.java:32)
	at org.gradle.messaging.dispatch.ProxyDispatchAdapter$DispatchingInvocationHandler.invoke(ProxyDispatchAdapter.java:93)
	at com.sun.proxy.$Proxy2.processTestClass(Unknown Source)
	at org.gradle.api.internal.tasks.testing.worker.TestWorker.processTestClass(TestWorker.java:105)
	at sun.reflect.NativeMethodAccessorImpl.invoke0(Native Method)
	at sun.reflect.NativeMethodAccessorImpl.invoke(NativeMethodAccessorImpl.java:57)
	at sun.reflect.DelegatingMethodAccessorImpl.invoke(DelegatingMethodAccessorImpl.java:43)
	at java.lang.reflect.Method.invoke(Method.java:606)
	at org.gradle.messaging.dispatch.ReflectionDispatch.dispatch(ReflectionDispatch.java:35)
	at org.gradle.messaging.dispatch.ReflectionDispatch.dispatch(ReflectionDispatch.java:24)
	at org.gradle.messaging.remote.internal.hub.MessageHub$Handler.run(MessageHub.java:360)
	at org.gradle.internal.concurrent.DefaultExecutorFactory$StoppableExecutorImpl$1.run(DefaultExecutorFactory.java:64)
	at java.util.concurrent.ThreadPoolExecutor.runWorker(ThreadPoolExecutor.java:1145)
	at java.util.concurrent.ThreadPoolExecutor$Worker.run(ThreadPoolExecutor.java:615)
	at java.lang.Thread.run(Thread.java:745)
</pre>
</span>
</div>
<div class="test">
<a name="testWithPrincess[13: check (cast1)]"></a>
<h3 class="failures">testWithPrincess[13: check (cast1)]</h3>
<span class="code">
<pre>java.lang.AssertionError: Unexpected result for cast1. Expected: true but got false
	at org.junit.Assert.fail(Assert.java:88)
	at org.junit.Assert.assertTrue(Assert.java:41)
	at jayhorn.test.integration_tests.CbmcTest.verifyAssertions(CbmcTest.java:99)
	at jayhorn.test.integration_tests.CbmcTest.testWithPrincess(CbmcTest.java:75)
	at sun.reflect.NativeMethodAccessorImpl.invoke0(Native Method)
	at sun.reflect.NativeMethodAccessorImpl.invoke(NativeMethodAccessorImpl.java:57)
	at sun.reflect.DelegatingMethodAccessorImpl.invoke(DelegatingMethodAccessorImpl.java:43)
	at java.lang.reflect.Method.invoke(Method.java:606)
	at org.junit.runners.model.FrameworkMethod$1.runReflectiveCall(FrameworkMethod.java:50)
	at org.junit.internal.runners.model.ReflectiveCallable.run(ReflectiveCallable.java:12)
	at org.junit.runners.model.FrameworkMethod.invokeExplosively(FrameworkMethod.java:47)
	at org.junit.internal.runners.statements.InvokeMethod.evaluate(InvokeMethod.java:17)
	at org.junit.runners.ParentRunner.runLeaf(ParentRunner.java:325)
	at org.junit.runners.BlockJUnit4ClassRunner.runChild(BlockJUnit4ClassRunner.java:78)
	at org.junit.runners.BlockJUnit4ClassRunner.runChild(BlockJUnit4ClassRunner.java:57)
	at org.junit.runners.ParentRunner$3.run(ParentRunner.java:290)
	at org.junit.runners.ParentRunner$1.schedule(ParentRunner.java:71)
	at org.junit.runners.ParentRunner.runChildren(ParentRunner.java:288)
	at org.junit.runners.ParentRunner.access$000(ParentRunner.java:58)
	at org.junit.runners.ParentRunner$2.evaluate(ParentRunner.java:268)
	at org.junit.runners.ParentRunner.run(ParentRunner.java:363)
	at org.junit.runners.Suite.runChild(Suite.java:128)
	at org.junit.runners.Suite.runChild(Suite.java:27)
	at org.junit.runners.ParentRunner$3.run(ParentRunner.java:290)
	at org.junit.runners.ParentRunner$1.schedule(ParentRunner.java:71)
	at org.junit.runners.ParentRunner.runChildren(ParentRunner.java:288)
	at org.junit.runners.ParentRunner.access$000(ParentRunner.java:58)
	at org.junit.runners.ParentRunner$2.evaluate(ParentRunner.java:268)
	at org.junit.runners.ParentRunner.run(ParentRunner.java:363)
	at org.gradle.api.internal.tasks.testing.junit.JUnitTestClassExecuter.runTestClass(JUnitTestClassExecuter.java:86)
	at org.gradle.api.internal.tasks.testing.junit.JUnitTestClassExecuter.execute(JUnitTestClassExecuter.java:49)
	at org.gradle.api.internal.tasks.testing.junit.JUnitTestClassProcessor.processTestClass(JUnitTestClassProcessor.java:69)
	at org.gradle.api.internal.tasks.testing.SuiteTestClassProcessor.processTestClass(SuiteTestClassProcessor.java:48)
	at sun.reflect.NativeMethodAccessorImpl.invoke0(Native Method)
	at sun.reflect.NativeMethodAccessorImpl.invoke(NativeMethodAccessorImpl.java:57)
	at sun.reflect.DelegatingMethodAccessorImpl.invoke(DelegatingMethodAccessorImpl.java:43)
	at java.lang.reflect.Method.invoke(Method.java:606)
	at org.gradle.messaging.dispatch.ReflectionDispatch.dispatch(ReflectionDispatch.java:35)
	at org.gradle.messaging.dispatch.ReflectionDispatch.dispatch(ReflectionDispatch.java:24)
	at org.gradle.messaging.dispatch.ContextClassLoaderDispatch.dispatch(ContextClassLoaderDispatch.java:32)
	at org.gradle.messaging.dispatch.ProxyDispatchAdapter$DispatchingInvocationHandler.invoke(ProxyDispatchAdapter.java:93)
	at com.sun.proxy.$Proxy2.processTestClass(Unknown Source)
	at org.gradle.api.internal.tasks.testing.worker.TestWorker.processTestClass(TestWorker.java:105)
	at sun.reflect.NativeMethodAccessorImpl.invoke0(Native Method)
	at sun.reflect.NativeMethodAccessorImpl.invoke(NativeMethodAccessorImpl.java:57)
	at sun.reflect.DelegatingMethodAccessorImpl.invoke(DelegatingMethodAccessorImpl.java:43)
	at java.lang.reflect.Method.invoke(Method.java:606)
	at org.gradle.messaging.dispatch.ReflectionDispatch.dispatch(ReflectionDispatch.java:35)
	at org.gradle.messaging.dispatch.ReflectionDispatch.dispatch(ReflectionDispatch.java:24)
	at org.gradle.messaging.remote.internal.hub.MessageHub$Handler.run(MessageHub.java:360)
	at org.gradle.internal.concurrent.DefaultExecutorFactory$StoppableExecutorImpl$1.run(DefaultExecutorFactory.java:64)
	at java.util.concurrent.ThreadPoolExecutor.runWorker(ThreadPoolExecutor.java:1145)
	at java.util.concurrent.ThreadPoolExecutor$Worker.run(ThreadPoolExecutor.java:615)
	at java.lang.Thread.run(Thread.java:745)
</pre>
</span>
</div>
<div class="test">
<a name="testWithPrincess[15: check (classpath1)]"></a>
<h3 class="failures">testWithPrincess[15: check (classpath1)]</h3>
<span class="code">
<pre>java.lang.AssertionError: Unexpected result for classpath1. Expected: true but got false
	at org.junit.Assert.fail(Assert.java:88)
	at org.junit.Assert.assertTrue(Assert.java:41)
	at jayhorn.test.integration_tests.CbmcTest.verifyAssertions(CbmcTest.java:99)
	at jayhorn.test.integration_tests.CbmcTest.testWithPrincess(CbmcTest.java:75)
	at sun.reflect.NativeMethodAccessorImpl.invoke0(Native Method)
	at sun.reflect.NativeMethodAccessorImpl.invoke(NativeMethodAccessorImpl.java:57)
	at sun.reflect.DelegatingMethodAccessorImpl.invoke(DelegatingMethodAccessorImpl.java:43)
	at java.lang.reflect.Method.invoke(Method.java:606)
	at org.junit.runners.model.FrameworkMethod$1.runReflectiveCall(FrameworkMethod.java:50)
	at org.junit.internal.runners.model.ReflectiveCallable.run(ReflectiveCallable.java:12)
	at org.junit.runners.model.FrameworkMethod.invokeExplosively(FrameworkMethod.java:47)
	at org.junit.internal.runners.statements.InvokeMethod.evaluate(InvokeMethod.java:17)
	at org.junit.runners.ParentRunner.runLeaf(ParentRunner.java:325)
	at org.junit.runners.BlockJUnit4ClassRunner.runChild(BlockJUnit4ClassRunner.java:78)
	at org.junit.runners.BlockJUnit4ClassRunner.runChild(BlockJUnit4ClassRunner.java:57)
	at org.junit.runners.ParentRunner$3.run(ParentRunner.java:290)
	at org.junit.runners.ParentRunner$1.schedule(ParentRunner.java:71)
	at org.junit.runners.ParentRunner.runChildren(ParentRunner.java:288)
	at org.junit.runners.ParentRunner.access$000(ParentRunner.java:58)
	at org.junit.runners.ParentRunner$2.evaluate(ParentRunner.java:268)
	at org.junit.runners.ParentRunner.run(ParentRunner.java:363)
	at org.junit.runners.Suite.runChild(Suite.java:128)
	at org.junit.runners.Suite.runChild(Suite.java:27)
	at org.junit.runners.ParentRunner$3.run(ParentRunner.java:290)
	at org.junit.runners.ParentRunner$1.schedule(ParentRunner.java:71)
	at org.junit.runners.ParentRunner.runChildren(ParentRunner.java:288)
	at org.junit.runners.ParentRunner.access$000(ParentRunner.java:58)
	at org.junit.runners.ParentRunner$2.evaluate(ParentRunner.java:268)
	at org.junit.runners.ParentRunner.run(ParentRunner.java:363)
	at org.gradle.api.internal.tasks.testing.junit.JUnitTestClassExecuter.runTestClass(JUnitTestClassExecuter.java:86)
	at org.gradle.api.internal.tasks.testing.junit.JUnitTestClassExecuter.execute(JUnitTestClassExecuter.java:49)
	at org.gradle.api.internal.tasks.testing.junit.JUnitTestClassProcessor.processTestClass(JUnitTestClassProcessor.java:69)
	at org.gradle.api.internal.tasks.testing.SuiteTestClassProcessor.processTestClass(SuiteTestClassProcessor.java:48)
	at sun.reflect.NativeMethodAccessorImpl.invoke0(Native Method)
	at sun.reflect.NativeMethodAccessorImpl.invoke(NativeMethodAccessorImpl.java:57)
	at sun.reflect.DelegatingMethodAccessorImpl.invoke(DelegatingMethodAccessorImpl.java:43)
	at java.lang.reflect.Method.invoke(Method.java:606)
	at org.gradle.messaging.dispatch.ReflectionDispatch.dispatch(ReflectionDispatch.java:35)
	at org.gradle.messaging.dispatch.ReflectionDispatch.dispatch(ReflectionDispatch.java:24)
	at org.gradle.messaging.dispatch.ContextClassLoaderDispatch.dispatch(ContextClassLoaderDispatch.java:32)
	at org.gradle.messaging.dispatch.ProxyDispatchAdapter$DispatchingInvocationHandler.invoke(ProxyDispatchAdapter.java:93)
	at com.sun.proxy.$Proxy2.processTestClass(Unknown Source)
	at org.gradle.api.internal.tasks.testing.worker.TestWorker.processTestClass(TestWorker.java:105)
	at sun.reflect.NativeMethodAccessorImpl.invoke0(Native Method)
	at sun.reflect.NativeMethodAccessorImpl.invoke(NativeMethodAccessorImpl.java:57)
	at sun.reflect.DelegatingMethodAccessorImpl.invoke(DelegatingMethodAccessorImpl.java:43)
	at java.lang.reflect.Method.invoke(Method.java:606)
	at org.gradle.messaging.dispatch.ReflectionDispatch.dispatch(ReflectionDispatch.java:35)
	at org.gradle.messaging.dispatch.ReflectionDispatch.dispatch(ReflectionDispatch.java:24)
	at org.gradle.messaging.remote.internal.hub.MessageHub$Handler.run(MessageHub.java:360)
	at org.gradle.internal.concurrent.DefaultExecutorFactory$StoppableExecutorImpl$1.run(DefaultExecutorFactory.java:64)
	at java.util.concurrent.ThreadPoolExecutor.runWorker(ThreadPoolExecutor.java:1145)
	at java.util.concurrent.ThreadPoolExecutor$Worker.run(ThreadPoolExecutor.java:615)
	at java.lang.Thread.run(Thread.java:745)
</pre>
</span>
</div>
<div class="test">
<a name="testWithPrincess[17: check (constructor1)]"></a>
<h3 class="failures">testWithPrincess[17: check (constructor1)]</h3>
<span class="code">
<pre>java.lang.AssertionError: Unexpected result for constructor1. Expected: true but got false
	at org.junit.Assert.fail(Assert.java:88)
	at org.junit.Assert.assertTrue(Assert.java:41)
	at jayhorn.test.integration_tests.CbmcTest.verifyAssertions(CbmcTest.java:99)
	at jayhorn.test.integration_tests.CbmcTest.testWithPrincess(CbmcTest.java:75)
	at sun.reflect.GeneratedMethodAccessor5.invoke(Unknown Source)
	at sun.reflect.DelegatingMethodAccessorImpl.invoke(DelegatingMethodAccessorImpl.java:43)
	at java.lang.reflect.Method.invoke(Method.java:606)
	at org.junit.runners.model.FrameworkMethod$1.runReflectiveCall(FrameworkMethod.java:50)
	at org.junit.internal.runners.model.ReflectiveCallable.run(ReflectiveCallable.java:12)
	at org.junit.runners.model.FrameworkMethod.invokeExplosively(FrameworkMethod.java:47)
	at org.junit.internal.runners.statements.InvokeMethod.evaluate(InvokeMethod.java:17)
	at org.junit.runners.ParentRunner.runLeaf(ParentRunner.java:325)
	at org.junit.runners.BlockJUnit4ClassRunner.runChild(BlockJUnit4ClassRunner.java:78)
	at org.junit.runners.BlockJUnit4ClassRunner.runChild(BlockJUnit4ClassRunner.java:57)
	at org.junit.runners.ParentRunner$3.run(ParentRunner.java:290)
	at org.junit.runners.ParentRunner$1.schedule(ParentRunner.java:71)
	at org.junit.runners.ParentRunner.runChildren(ParentRunner.java:288)
	at org.junit.runners.ParentRunner.access$000(ParentRunner.java:58)
	at org.junit.runners.ParentRunner$2.evaluate(ParentRunner.java:268)
	at org.junit.runners.ParentRunner.run(ParentRunner.java:363)
	at org.junit.runners.Suite.runChild(Suite.java:128)
	at org.junit.runners.Suite.runChild(Suite.java:27)
	at org.junit.runners.ParentRunner$3.run(ParentRunner.java:290)
	at org.junit.runners.ParentRunner$1.schedule(ParentRunner.java:71)
	at org.junit.runners.ParentRunner.runChildren(ParentRunner.java:288)
	at org.junit.runners.ParentRunner.access$000(ParentRunner.java:58)
	at org.junit.runners.ParentRunner$2.evaluate(ParentRunner.java:268)
	at org.junit.runners.ParentRunner.run(ParentRunner.java:363)
	at org.gradle.api.internal.tasks.testing.junit.JUnitTestClassExecuter.runTestClass(JUnitTestClassExecuter.java:86)
	at org.gradle.api.internal.tasks.testing.junit.JUnitTestClassExecuter.execute(JUnitTestClassExecuter.java:49)
	at org.gradle.api.internal.tasks.testing.junit.JUnitTestClassProcessor.processTestClass(JUnitTestClassProcessor.java:69)
	at org.gradle.api.internal.tasks.testing.SuiteTestClassProcessor.processTestClass(SuiteTestClassProcessor.java:48)
	at sun.reflect.NativeMethodAccessorImpl.invoke0(Native Method)
	at sun.reflect.NativeMethodAccessorImpl.invoke(NativeMethodAccessorImpl.java:57)
	at sun.reflect.DelegatingMethodAccessorImpl.invoke(DelegatingMethodAccessorImpl.java:43)
	at java.lang.reflect.Method.invoke(Method.java:606)
	at org.gradle.messaging.dispatch.ReflectionDispatch.dispatch(ReflectionDispatch.java:35)
	at org.gradle.messaging.dispatch.ReflectionDispatch.dispatch(ReflectionDispatch.java:24)
	at org.gradle.messaging.dispatch.ContextClassLoaderDispatch.dispatch(ContextClassLoaderDispatch.java:32)
	at org.gradle.messaging.dispatch.ProxyDispatchAdapter$DispatchingInvocationHandler.invoke(ProxyDispatchAdapter.java:93)
	at com.sun.proxy.$Proxy2.processTestClass(Unknown Source)
	at org.gradle.api.internal.tasks.testing.worker.TestWorker.processTestClass(TestWorker.java:105)
	at sun.reflect.NativeMethodAccessorImpl.invoke0(Native Method)
	at sun.reflect.NativeMethodAccessorImpl.invoke(NativeMethodAccessorImpl.java:57)
	at sun.reflect.DelegatingMethodAccessorImpl.invoke(DelegatingMethodAccessorImpl.java:43)
	at java.lang.reflect.Method.invoke(Method.java:606)
	at org.gradle.messaging.dispatch.ReflectionDispatch.dispatch(ReflectionDispatch.java:35)
	at org.gradle.messaging.dispatch.ReflectionDispatch.dispatch(ReflectionDispatch.java:24)
	at org.gradle.messaging.remote.internal.hub.MessageHub$Handler.run(MessageHub.java:360)
	at org.gradle.internal.concurrent.DefaultExecutorFactory$StoppableExecutorImpl$1.run(DefaultExecutorFactory.java:64)
	at java.util.concurrent.ThreadPoolExecutor.runWorker(ThreadPoolExecutor.java:1145)
	at java.util.concurrent.ThreadPoolExecutor$Worker.run(ThreadPoolExecutor.java:615)
	at java.lang.Thread.run(Thread.java:745)
</pre>
</span>
</div>
<div class="test">
<a name="testWithPrincess[19: check (farith1)]"></a>
<h3 class="failures">testWithPrincess[19: check (farith1)]</h3>
<span class="code">
<pre>java.lang.AssertionError: Unexpected result for farith1. Expected: true but got false
	at org.junit.Assert.fail(Assert.java:88)
	at org.junit.Assert.assertTrue(Assert.java:41)
	at jayhorn.test.integration_tests.CbmcTest.verifyAssertions(CbmcTest.java:99)
	at jayhorn.test.integration_tests.CbmcTest.testWithPrincess(CbmcTest.java:75)
	at sun.reflect.GeneratedMethodAccessor5.invoke(Unknown Source)
	at sun.reflect.DelegatingMethodAccessorImpl.invoke(DelegatingMethodAccessorImpl.java:43)
	at java.lang.reflect.Method.invoke(Method.java:606)
	at org.junit.runners.model.FrameworkMethod$1.runReflectiveCall(FrameworkMethod.java:50)
	at org.junit.internal.runners.model.ReflectiveCallable.run(ReflectiveCallable.java:12)
	at org.junit.runners.model.FrameworkMethod.invokeExplosively(FrameworkMethod.java:47)
	at org.junit.internal.runners.statements.InvokeMethod.evaluate(InvokeMethod.java:17)
	at org.junit.runners.ParentRunner.runLeaf(ParentRunner.java:325)
	at org.junit.runners.BlockJUnit4ClassRunner.runChild(BlockJUnit4ClassRunner.java:78)
	at org.junit.runners.BlockJUnit4ClassRunner.runChild(BlockJUnit4ClassRunner.java:57)
	at org.junit.runners.ParentRunner$3.run(ParentRunner.java:290)
	at org.junit.runners.ParentRunner$1.schedule(ParentRunner.java:71)
	at org.junit.runners.ParentRunner.runChildren(ParentRunner.java:288)
	at org.junit.runners.ParentRunner.access$000(ParentRunner.java:58)
	at org.junit.runners.ParentRunner$2.evaluate(ParentRunner.java:268)
	at org.junit.runners.ParentRunner.run(ParentRunner.java:363)
	at org.junit.runners.Suite.runChild(Suite.java:128)
	at org.junit.runners.Suite.runChild(Suite.java:27)
	at org.junit.runners.ParentRunner$3.run(ParentRunner.java:290)
	at org.junit.runners.ParentRunner$1.schedule(ParentRunner.java:71)
	at org.junit.runners.ParentRunner.runChildren(ParentRunner.java:288)
	at org.junit.runners.ParentRunner.access$000(ParentRunner.java:58)
	at org.junit.runners.ParentRunner$2.evaluate(ParentRunner.java:268)
	at org.junit.runners.ParentRunner.run(ParentRunner.java:363)
	at org.gradle.api.internal.tasks.testing.junit.JUnitTestClassExecuter.runTestClass(JUnitTestClassExecuter.java:86)
	at org.gradle.api.internal.tasks.testing.junit.JUnitTestClassExecuter.execute(JUnitTestClassExecuter.java:49)
	at org.gradle.api.internal.tasks.testing.junit.JUnitTestClassProcessor.processTestClass(JUnitTestClassProcessor.java:69)
	at org.gradle.api.internal.tasks.testing.SuiteTestClassProcessor.processTestClass(SuiteTestClassProcessor.java:48)
	at sun.reflect.NativeMethodAccessorImpl.invoke0(Native Method)
	at sun.reflect.NativeMethodAccessorImpl.invoke(NativeMethodAccessorImpl.java:57)
	at sun.reflect.DelegatingMethodAccessorImpl.invoke(DelegatingMethodAccessorImpl.java:43)
	at java.lang.reflect.Method.invoke(Method.java:606)
	at org.gradle.messaging.dispatch.ReflectionDispatch.dispatch(ReflectionDispatch.java:35)
	at org.gradle.messaging.dispatch.ReflectionDispatch.dispatch(ReflectionDispatch.java:24)
	at org.gradle.messaging.dispatch.ContextClassLoaderDispatch.dispatch(ContextClassLoaderDispatch.java:32)
	at org.gradle.messaging.dispatch.ProxyDispatchAdapter$DispatchingInvocationHandler.invoke(ProxyDispatchAdapter.java:93)
	at com.sun.proxy.$Proxy2.processTestClass(Unknown Source)
	at org.gradle.api.internal.tasks.testing.worker.TestWorker.processTestClass(TestWorker.java:105)
	at sun.reflect.NativeMethodAccessorImpl.invoke0(Native Method)
	at sun.reflect.NativeMethodAccessorImpl.invoke(NativeMethodAccessorImpl.java:57)
	at sun.reflect.DelegatingMethodAccessorImpl.invoke(DelegatingMethodAccessorImpl.java:43)
	at java.lang.reflect.Method.invoke(Method.java:606)
	at org.gradle.messaging.dispatch.ReflectionDispatch.dispatch(ReflectionDispatch.java:35)
	at org.gradle.messaging.dispatch.ReflectionDispatch.dispatch(ReflectionDispatch.java:24)
	at org.gradle.messaging.remote.internal.hub.MessageHub$Handler.run(MessageHub.java:360)
	at org.gradle.internal.concurrent.DefaultExecutorFactory$StoppableExecutorImpl$1.run(DefaultExecutorFactory.java:64)
	at java.util.concurrent.ThreadPoolExecutor.runWorker(ThreadPoolExecutor.java:1145)
	at java.util.concurrent.ThreadPoolExecutor$Worker.run(ThreadPoolExecutor.java:615)
	at java.lang.Thread.run(Thread.java:745)
</pre>
</span>
</div>
<div class="test">
<a name="testWithPrincess[1: check (array1)]"></a>
<h3 class="failures">testWithPrincess[1: check (array1)]</h3>
<span class="code">
<pre>java.lang.RuntimeException: Verification failed with prover code Unknown
	at jayhorn.checker.Checker.checkProgram(Checker.java:102)
	at jayhorn.test.integration_tests.CbmcTest.verifyAssertions(CbmcTest.java:94)
	at jayhorn.test.integration_tests.CbmcTest.testWithPrincess(CbmcTest.java:75)
	at sun.reflect.NativeMethodAccessorImpl.invoke0(Native Method)
	at sun.reflect.NativeMethodAccessorImpl.invoke(NativeMethodAccessorImpl.java:57)
	at sun.reflect.DelegatingMethodAccessorImpl.invoke(DelegatingMethodAccessorImpl.java:43)
	at java.lang.reflect.Method.invoke(Method.java:606)
	at org.junit.runners.model.FrameworkMethod$1.runReflectiveCall(FrameworkMethod.java:50)
	at org.junit.internal.runners.model.ReflectiveCallable.run(ReflectiveCallable.java:12)
	at org.junit.runners.model.FrameworkMethod.invokeExplosively(FrameworkMethod.java:47)
	at org.junit.internal.runners.statements.InvokeMethod.evaluate(InvokeMethod.java:17)
	at org.junit.runners.ParentRunner.runLeaf(ParentRunner.java:325)
	at org.junit.runners.BlockJUnit4ClassRunner.runChild(BlockJUnit4ClassRunner.java:78)
	at org.junit.runners.BlockJUnit4ClassRunner.runChild(BlockJUnit4ClassRunner.java:57)
	at org.junit.runners.ParentRunner$3.run(ParentRunner.java:290)
	at org.junit.runners.ParentRunner$1.schedule(ParentRunner.java:71)
	at org.junit.runners.ParentRunner.runChildren(ParentRunner.java:288)
	at org.junit.runners.ParentRunner.access$000(ParentRunner.java:58)
	at org.junit.runners.ParentRunner$2.evaluate(ParentRunner.java:268)
	at org.junit.runners.ParentRunner.run(ParentRunner.java:363)
	at org.junit.runners.Suite.runChild(Suite.java:128)
	at org.junit.runners.Suite.runChild(Suite.java:27)
	at org.junit.runners.ParentRunner$3.run(ParentRunner.java:290)
	at org.junit.runners.ParentRunner$1.schedule(ParentRunner.java:71)
	at org.junit.runners.ParentRunner.runChildren(ParentRunner.java:288)
	at org.junit.runners.ParentRunner.access$000(ParentRunner.java:58)
	at org.junit.runners.ParentRunner$2.evaluate(ParentRunner.java:268)
	at org.junit.runners.ParentRunner.run(ParentRunner.java:363)
	at org.gradle.api.internal.tasks.testing.junit.JUnitTestClassExecuter.runTestClass(JUnitTestClassExecuter.java:86)
	at org.gradle.api.internal.tasks.testing.junit.JUnitTestClassExecuter.execute(JUnitTestClassExecuter.java:49)
	at org.gradle.api.internal.tasks.testing.junit.JUnitTestClassProcessor.processTestClass(JUnitTestClassProcessor.java:69)
	at org.gradle.api.internal.tasks.testing.SuiteTestClassProcessor.processTestClass(SuiteTestClassProcessor.java:48)
	at sun.reflect.NativeMethodAccessorImpl.invoke0(Native Method)
	at sun.reflect.NativeMethodAccessorImpl.invoke(NativeMethodAccessorImpl.java:57)
	at sun.reflect.DelegatingMethodAccessorImpl.invoke(DelegatingMethodAccessorImpl.java:43)
	at java.lang.reflect.Method.invoke(Method.java:606)
	at org.gradle.messaging.dispatch.ReflectionDispatch.dispatch(ReflectionDispatch.java:35)
	at org.gradle.messaging.dispatch.ReflectionDispatch.dispatch(ReflectionDispatch.java:24)
	at org.gradle.messaging.dispatch.ContextClassLoaderDispatch.dispatch(ContextClassLoaderDispatch.java:32)
	at org.gradle.messaging.dispatch.ProxyDispatchAdapter$DispatchingInvocationHandler.invoke(ProxyDispatchAdapter.java:93)
	at com.sun.proxy.$Proxy2.processTestClass(Unknown Source)
	at org.gradle.api.internal.tasks.testing.worker.TestWorker.processTestClass(TestWorker.java:105)
	at sun.reflect.NativeMethodAccessorImpl.invoke0(Native Method)
	at sun.reflect.NativeMethodAccessorImpl.invoke(NativeMethodAccessorImpl.java:57)
	at sun.reflect.DelegatingMethodAccessorImpl.invoke(DelegatingMethodAccessorImpl.java:43)
	at java.lang.reflect.Method.invoke(Method.java:606)
	at org.gradle.messaging.dispatch.ReflectionDispatch.dispatch(ReflectionDispatch.java:35)
	at org.gradle.messaging.dispatch.ReflectionDispatch.dispatch(ReflectionDispatch.java:24)
	at org.gradle.messaging.remote.internal.hub.MessageHub$Handler.run(MessageHub.java:360)
	at org.gradle.internal.concurrent.DefaultExecutorFactory$StoppableExecutorImpl$1.run(DefaultExecutorFactory.java:64)
	at java.util.concurrent.ThreadPoolExecutor.runWorker(ThreadPoolExecutor.java:1145)
	at java.util.concurrent.ThreadPoolExecutor$Worker.run(ThreadPoolExecutor.java:615)
	at java.lang.Thread.run(Thread.java:745)
</pre>
</span>
</div>
<div class="test">
<a name="testWithPrincess[20: check (fcmpx_dcmpx1)]"></a>
<h3 class="failures">testWithPrincess[20: check (fcmpx_dcmpx1)]</h3>
<span class="code">
<pre>java.lang.AssertionError: Unexpected result for fcmpx_dcmpx1. Expected: true but got false
	at org.junit.Assert.fail(Assert.java:88)
	at org.junit.Assert.assertTrue(Assert.java:41)
	at jayhorn.test.integration_tests.CbmcTest.verifyAssertions(CbmcTest.java:99)
	at jayhorn.test.integration_tests.CbmcTest.testWithPrincess(CbmcTest.java:75)
	at sun.reflect.GeneratedMethodAccessor5.invoke(Unknown Source)
	at sun.reflect.DelegatingMethodAccessorImpl.invoke(DelegatingMethodAccessorImpl.java:43)
	at java.lang.reflect.Method.invoke(Method.java:606)
	at org.junit.runners.model.FrameworkMethod$1.runReflectiveCall(FrameworkMethod.java:50)
	at org.junit.internal.runners.model.ReflectiveCallable.run(ReflectiveCallable.java:12)
	at org.junit.runners.model.FrameworkMethod.invokeExplosively(FrameworkMethod.java:47)
	at org.junit.internal.runners.statements.InvokeMethod.evaluate(InvokeMethod.java:17)
	at org.junit.runners.ParentRunner.runLeaf(ParentRunner.java:325)
	at org.junit.runners.BlockJUnit4ClassRunner.runChild(BlockJUnit4ClassRunner.java:78)
	at org.junit.runners.BlockJUnit4ClassRunner.runChild(BlockJUnit4ClassRunner.java:57)
	at org.junit.runners.ParentRunner$3.run(ParentRunner.java:290)
	at org.junit.runners.ParentRunner$1.schedule(ParentRunner.java:71)
	at org.junit.runners.ParentRunner.runChildren(ParentRunner.java:288)
	at org.junit.runners.ParentRunner.access$000(ParentRunner.java:58)
	at org.junit.runners.ParentRunner$2.evaluate(ParentRunner.java:268)
	at org.junit.runners.ParentRunner.run(ParentRunner.java:363)
	at org.junit.runners.Suite.runChild(Suite.java:128)
	at org.junit.runners.Suite.runChild(Suite.java:27)
	at org.junit.runners.ParentRunner$3.run(ParentRunner.java:290)
	at org.junit.runners.ParentRunner$1.schedule(ParentRunner.java:71)
	at org.junit.runners.ParentRunner.runChildren(ParentRunner.java:288)
	at org.junit.runners.ParentRunner.access$000(ParentRunner.java:58)
	at org.junit.runners.ParentRunner$2.evaluate(ParentRunner.java:268)
	at org.junit.runners.ParentRunner.run(ParentRunner.java:363)
	at org.gradle.api.internal.tasks.testing.junit.JUnitTestClassExecuter.runTestClass(JUnitTestClassExecuter.java:86)
	at org.gradle.api.internal.tasks.testing.junit.JUnitTestClassExecuter.execute(JUnitTestClassExecuter.java:49)
	at org.gradle.api.internal.tasks.testing.junit.JUnitTestClassProcessor.processTestClass(JUnitTestClassProcessor.java:69)
	at org.gradle.api.internal.tasks.testing.SuiteTestClassProcessor.processTestClass(SuiteTestClassProcessor.java:48)
	at sun.reflect.NativeMethodAccessorImpl.invoke0(Native Method)
	at sun.reflect.NativeMethodAccessorImpl.invoke(NativeMethodAccessorImpl.java:57)
	at sun.reflect.DelegatingMethodAccessorImpl.invoke(DelegatingMethodAccessorImpl.java:43)
	at java.lang.reflect.Method.invoke(Method.java:606)
	at org.gradle.messaging.dispatch.ReflectionDispatch.dispatch(ReflectionDispatch.java:35)
	at org.gradle.messaging.dispatch.ReflectionDispatch.dispatch(ReflectionDispatch.java:24)
	at org.gradle.messaging.dispatch.ContextClassLoaderDispatch.dispatch(ContextClassLoaderDispatch.java:32)
	at org.gradle.messaging.dispatch.ProxyDispatchAdapter$DispatchingInvocationHandler.invoke(ProxyDispatchAdapter.java:93)
	at com.sun.proxy.$Proxy2.processTestClass(Unknown Source)
	at org.gradle.api.internal.tasks.testing.worker.TestWorker.processTestClass(TestWorker.java:105)
	at sun.reflect.NativeMethodAccessorImpl.invoke0(Native Method)
	at sun.reflect.NativeMethodAccessorImpl.invoke(NativeMethodAccessorImpl.java:57)
	at sun.reflect.DelegatingMethodAccessorImpl.invoke(DelegatingMethodAccessorImpl.java:43)
	at java.lang.reflect.Method.invoke(Method.java:606)
	at org.gradle.messaging.dispatch.ReflectionDispatch.dispatch(ReflectionDispatch.java:35)
	at org.gradle.messaging.dispatch.ReflectionDispatch.dispatch(ReflectionDispatch.java:24)
	at org.gradle.messaging.remote.internal.hub.MessageHub$Handler.run(MessageHub.java:360)
	at org.gradle.internal.concurrent.DefaultExecutorFactory$StoppableExecutorImpl$1.run(DefaultExecutorFactory.java:64)
	at java.util.concurrent.ThreadPoolExecutor.runWorker(ThreadPoolExecutor.java:1145)
	at java.util.concurrent.ThreadPoolExecutor$Worker.run(ThreadPoolExecutor.java:615)
	at java.lang.Thread.run(Thread.java:745)
</pre>
</span>
</div>
<div class="test">
<a name="testWithPrincess[23: check (iarith2)]"></a>
<h3 class="failures">testWithPrincess[23: check (iarith2)]</h3>
<span class="code">
<pre>java.lang.RuntimeException: Not implemented for u&gt;&gt;
	at jayhorn.hornify.MethodEncoder.exprToProverExpr(MethodEncoder.java:593)
	at jayhorn.hornify.MethodEncoder.statementToClause(MethodEncoder.java:321)
	at jayhorn.hornify.MethodEncoder.blockToHorn(MethodEncoder.java:262)
	at jayhorn.hornify.MethodEncoder.encode(MethodEncoder.java:132)
	at jayhorn.hornify.Hornify.toHorn(Hornify.java:69)
	at jayhorn.checker.Checker.checkProgram(Checker.java:46)
	at jayhorn.test.integration_tests.CbmcTest.verifyAssertions(CbmcTest.java:94)
	at jayhorn.test.integration_tests.CbmcTest.testWithPrincess(CbmcTest.java:75)
	at sun.reflect.GeneratedMethodAccessor5.invoke(Unknown Source)
	at sun.reflect.DelegatingMethodAccessorImpl.invoke(DelegatingMethodAccessorImpl.java:43)
	at java.lang.reflect.Method.invoke(Method.java:606)
	at org.junit.runners.model.FrameworkMethod$1.runReflectiveCall(FrameworkMethod.java:50)
	at org.junit.internal.runners.model.ReflectiveCallable.run(ReflectiveCallable.java:12)
	at org.junit.runners.model.FrameworkMethod.invokeExplosively(FrameworkMethod.java:47)
	at org.junit.internal.runners.statements.InvokeMethod.evaluate(InvokeMethod.java:17)
	at org.junit.runners.ParentRunner.runLeaf(ParentRunner.java:325)
	at org.junit.runners.BlockJUnit4ClassRunner.runChild(BlockJUnit4ClassRunner.java:78)
	at org.junit.runners.BlockJUnit4ClassRunner.runChild(BlockJUnit4ClassRunner.java:57)
	at org.junit.runners.ParentRunner$3.run(ParentRunner.java:290)
	at org.junit.runners.ParentRunner$1.schedule(ParentRunner.java:71)
	at org.junit.runners.ParentRunner.runChildren(ParentRunner.java:288)
	at org.junit.runners.ParentRunner.access$000(ParentRunner.java:58)
	at org.junit.runners.ParentRunner$2.evaluate(ParentRunner.java:268)
	at org.junit.runners.ParentRunner.run(ParentRunner.java:363)
	at org.junit.runners.Suite.runChild(Suite.java:128)
	at org.junit.runners.Suite.runChild(Suite.java:27)
	at org.junit.runners.ParentRunner$3.run(ParentRunner.java:290)
	at org.junit.runners.ParentRunner$1.schedule(ParentRunner.java:71)
	at org.junit.runners.ParentRunner.runChildren(ParentRunner.java:288)
	at org.junit.runners.ParentRunner.access$000(ParentRunner.java:58)
	at org.junit.runners.ParentRunner$2.evaluate(ParentRunner.java:268)
	at org.junit.runners.ParentRunner.run(ParentRunner.java:363)
	at org.gradle.api.internal.tasks.testing.junit.JUnitTestClassExecuter.runTestClass(JUnitTestClassExecuter.java:86)
	at org.gradle.api.internal.tasks.testing.junit.JUnitTestClassExecuter.execute(JUnitTestClassExecuter.java:49)
	at org.gradle.api.internal.tasks.testing.junit.JUnitTestClassProcessor.processTestClass(JUnitTestClassProcessor.java:69)
	at org.gradle.api.internal.tasks.testing.SuiteTestClassProcessor.processTestClass(SuiteTestClassProcessor.java:48)
	at sun.reflect.NativeMethodAccessorImpl.invoke0(Native Method)
	at sun.reflect.NativeMethodAccessorImpl.invoke(NativeMethodAccessorImpl.java:57)
	at sun.reflect.DelegatingMethodAccessorImpl.invoke(DelegatingMethodAccessorImpl.java:43)
	at java.lang.reflect.Method.invoke(Method.java:606)
	at org.gradle.messaging.dispatch.ReflectionDispatch.dispatch(ReflectionDispatch.java:35)
	at org.gradle.messaging.dispatch.ReflectionDispatch.dispatch(ReflectionDispatch.java:24)
	at org.gradle.messaging.dispatch.ContextClassLoaderDispatch.dispatch(ContextClassLoaderDispatch.java:32)
	at org.gradle.messaging.dispatch.ProxyDispatchAdapter$DispatchingInvocationHandler.invoke(ProxyDispatchAdapter.java:93)
	at com.sun.proxy.$Proxy2.processTestClass(Unknown Source)
	at org.gradle.api.internal.tasks.testing.worker.TestWorker.processTestClass(TestWorker.java:105)
	at sun.reflect.NativeMethodAccessorImpl.invoke0(Native Method)
	at sun.reflect.NativeMethodAccessorImpl.invoke(NativeMethodAccessorImpl.java:57)
	at sun.reflect.DelegatingMethodAccessorImpl.invoke(DelegatingMethodAccessorImpl.java:43)
	at java.lang.reflect.Method.invoke(Method.java:606)
	at org.gradle.messaging.dispatch.ReflectionDispatch.dispatch(ReflectionDispatch.java:35)
	at org.gradle.messaging.dispatch.ReflectionDispatch.dispatch(ReflectionDispatch.java:24)
	at org.gradle.messaging.remote.internal.hub.MessageHub$Handler.run(MessageHub.java:360)
	at org.gradle.internal.concurrent.DefaultExecutorFactory$StoppableExecutorImpl$1.run(DefaultExecutorFactory.java:64)
	at java.util.concurrent.ThreadPoolExecutor.runWorker(ThreadPoolExecutor.java:1145)
	at java.util.concurrent.ThreadPoolExecutor$Worker.run(ThreadPoolExecutor.java:615)
	at java.lang.Thread.run(Thread.java:745)
</pre>
</span>
</div>
<div class="test">
<a name="testWithPrincess[24: check (if_acmp1)]"></a>
<h3 class="failures">testWithPrincess[24: check (if_acmp1)]</h3>
<span class="code">
<pre>java.lang.AssertionError: Unexpected result for if_acmp1. Expected: true but got false
	at org.junit.Assert.fail(Assert.java:88)
	at org.junit.Assert.assertTrue(Assert.java:41)
	at jayhorn.test.integration_tests.CbmcTest.verifyAssertions(CbmcTest.java:99)
	at jayhorn.test.integration_tests.CbmcTest.testWithPrincess(CbmcTest.java:75)
	at sun.reflect.GeneratedMethodAccessor5.invoke(Unknown Source)
	at sun.reflect.DelegatingMethodAccessorImpl.invoke(DelegatingMethodAccessorImpl.java:43)
	at java.lang.reflect.Method.invoke(Method.java:606)
	at org.junit.runners.model.FrameworkMethod$1.runReflectiveCall(FrameworkMethod.java:50)
	at org.junit.internal.runners.model.ReflectiveCallable.run(ReflectiveCallable.java:12)
	at org.junit.runners.model.FrameworkMethod.invokeExplosively(FrameworkMethod.java:47)
	at org.junit.internal.runners.statements.InvokeMethod.evaluate(InvokeMethod.java:17)
	at org.junit.runners.ParentRunner.runLeaf(ParentRunner.java:325)
	at org.junit.runners.BlockJUnit4ClassRunner.runChild(BlockJUnit4ClassRunner.java:78)
	at org.junit.runners.BlockJUnit4ClassRunner.runChild(BlockJUnit4ClassRunner.java:57)
	at org.junit.runners.ParentRunner$3.run(ParentRunner.java:290)
	at org.junit.runners.ParentRunner$1.schedule(ParentRunner.java:71)
	at org.junit.runners.ParentRunner.runChildren(ParentRunner.java:288)
	at org.junit.runners.ParentRunner.access$000(ParentRunner.java:58)
	at org.junit.runners.ParentRunner$2.evaluate(ParentRunner.java:268)
	at org.junit.runners.ParentRunner.run(ParentRunner.java:363)
	at org.junit.runners.Suite.runChild(Suite.java:128)
	at org.junit.runners.Suite.runChild(Suite.java:27)
	at org.junit.runners.ParentRunner$3.run(ParentRunner.java:290)
	at org.junit.runners.ParentRunner$1.schedule(ParentRunner.java:71)
	at org.junit.runners.ParentRunner.runChildren(ParentRunner.java:288)
	at org.junit.runners.ParentRunner.access$000(ParentRunner.java:58)
	at org.junit.runners.ParentRunner$2.evaluate(ParentRunner.java:268)
	at org.junit.runners.ParentRunner.run(ParentRunner.java:363)
	at org.gradle.api.internal.tasks.testing.junit.JUnitTestClassExecuter.runTestClass(JUnitTestClassExecuter.java:86)
	at org.gradle.api.internal.tasks.testing.junit.JUnitTestClassExecuter.execute(JUnitTestClassExecuter.java:49)
	at org.gradle.api.internal.tasks.testing.junit.JUnitTestClassProcessor.processTestClass(JUnitTestClassProcessor.java:69)
	at org.gradle.api.internal.tasks.testing.SuiteTestClassProcessor.processTestClass(SuiteTestClassProcessor.java:48)
	at sun.reflect.NativeMethodAccessorImpl.invoke0(Native Method)
	at sun.reflect.NativeMethodAccessorImpl.invoke(NativeMethodAccessorImpl.java:57)
	at sun.reflect.DelegatingMethodAccessorImpl.invoke(DelegatingMethodAccessorImpl.java:43)
	at java.lang.reflect.Method.invoke(Method.java:606)
	at org.gradle.messaging.dispatch.ReflectionDispatch.dispatch(ReflectionDispatch.java:35)
	at org.gradle.messaging.dispatch.ReflectionDispatch.dispatch(ReflectionDispatch.java:24)
	at org.gradle.messaging.dispatch.ContextClassLoaderDispatch.dispatch(ContextClassLoaderDispatch.java:32)
	at org.gradle.messaging.dispatch.ProxyDispatchAdapter$DispatchingInvocationHandler.invoke(ProxyDispatchAdapter.java:93)
	at com.sun.proxy.$Proxy2.processTestClass(Unknown Source)
	at org.gradle.api.internal.tasks.testing.worker.TestWorker.processTestClass(TestWorker.java:105)
	at sun.reflect.NativeMethodAccessorImpl.invoke0(Native Method)
	at sun.reflect.NativeMethodAccessorImpl.invoke(NativeMethodAccessorImpl.java:57)
	at sun.reflect.DelegatingMethodAccessorImpl.invoke(DelegatingMethodAccessorImpl.java:43)
	at java.lang.reflect.Method.invoke(Method.java:606)
	at org.gradle.messaging.dispatch.ReflectionDispatch.dispatch(ReflectionDispatch.java:35)
	at org.gradle.messaging.dispatch.ReflectionDispatch.dispatch(ReflectionDispatch.java:24)
	at org.gradle.messaging.remote.internal.hub.MessageHub$Handler.run(MessageHub.java:360)
	at org.gradle.internal.concurrent.DefaultExecutorFactory$StoppableExecutorImpl$1.run(DefaultExecutorFactory.java:64)
	at java.util.concurrent.ThreadPoolExecutor.runWorker(ThreadPoolExecutor.java:1145)
	at java.util.concurrent.ThreadPoolExecutor$Worker.run(ThreadPoolExecutor.java:615)
	at java.lang.Thread.run(Thread.java:745)
</pre>
</span>
</div>
<div class="test">
<a name="testWithPrincess[28: check (long1)]"></a>
<h3 class="failures">testWithPrincess[28: check (long1)]</h3>
<span class="code">
<pre>java.lang.AssertionError: Unexpected result for long1. Expected: true but got false
	at org.junit.Assert.fail(Assert.java:88)
	at org.junit.Assert.assertTrue(Assert.java:41)
	at jayhorn.test.integration_tests.CbmcTest.verifyAssertions(CbmcTest.java:99)
	at jayhorn.test.integration_tests.CbmcTest.testWithPrincess(CbmcTest.java:75)
	at sun.reflect.GeneratedMethodAccessor5.invoke(Unknown Source)
	at sun.reflect.DelegatingMethodAccessorImpl.invoke(DelegatingMethodAccessorImpl.java:43)
	at java.lang.reflect.Method.invoke(Method.java:606)
	at org.junit.runners.model.FrameworkMethod$1.runReflectiveCall(FrameworkMethod.java:50)
	at org.junit.internal.runners.model.ReflectiveCallable.run(ReflectiveCallable.java:12)
	at org.junit.runners.model.FrameworkMethod.invokeExplosively(FrameworkMethod.java:47)
	at org.junit.internal.runners.statements.InvokeMethod.evaluate(InvokeMethod.java:17)
	at org.junit.runners.ParentRunner.runLeaf(ParentRunner.java:325)
	at org.junit.runners.BlockJUnit4ClassRunner.runChild(BlockJUnit4ClassRunner.java:78)
	at org.junit.runners.BlockJUnit4ClassRunner.runChild(BlockJUnit4ClassRunner.java:57)
	at org.junit.runners.ParentRunner$3.run(ParentRunner.java:290)
	at org.junit.runners.ParentRunner$1.schedule(ParentRunner.java:71)
	at org.junit.runners.ParentRunner.runChildren(ParentRunner.java:288)
	at org.junit.runners.ParentRunner.access$000(ParentRunner.java:58)
	at org.junit.runners.ParentRunner$2.evaluate(ParentRunner.java:268)
	at org.junit.runners.ParentRunner.run(ParentRunner.java:363)
	at org.junit.runners.Suite.runChild(Suite.java:128)
	at org.junit.runners.Suite.runChild(Suite.java:27)
	at org.junit.runners.ParentRunner$3.run(ParentRunner.java:290)
	at org.junit.runners.ParentRunner$1.schedule(ParentRunner.java:71)
	at org.junit.runners.ParentRunner.runChildren(ParentRunner.java:288)
	at org.junit.runners.ParentRunner.access$000(ParentRunner.java:58)
	at org.junit.runners.ParentRunner$2.evaluate(ParentRunner.java:268)
	at org.junit.runners.ParentRunner.run(ParentRunner.java:363)
	at org.gradle.api.internal.tasks.testing.junit.JUnitTestClassExecuter.runTestClass(JUnitTestClassExecuter.java:86)
	at org.gradle.api.internal.tasks.testing.junit.JUnitTestClassExecuter.execute(JUnitTestClassExecuter.java:49)
	at org.gradle.api.internal.tasks.testing.junit.JUnitTestClassProcessor.processTestClass(JUnitTestClassProcessor.java:69)
	at org.gradle.api.internal.tasks.testing.SuiteTestClassProcessor.processTestClass(SuiteTestClassProcessor.java:48)
	at sun.reflect.NativeMethodAccessorImpl.invoke0(Native Method)
	at sun.reflect.NativeMethodAccessorImpl.invoke(NativeMethodAccessorImpl.java:57)
	at sun.reflect.DelegatingMethodAccessorImpl.invoke(DelegatingMethodAccessorImpl.java:43)
	at java.lang.reflect.Method.invoke(Method.java:606)
	at org.gradle.messaging.dispatch.ReflectionDispatch.dispatch(ReflectionDispatch.java:35)
	at org.gradle.messaging.dispatch.ReflectionDispatch.dispatch(ReflectionDispatch.java:24)
	at org.gradle.messaging.dispatch.ContextClassLoaderDispatch.dispatch(ContextClassLoaderDispatch.java:32)
	at org.gradle.messaging.dispatch.ProxyDispatchAdapter$DispatchingInvocationHandler.invoke(ProxyDispatchAdapter.java:93)
	at com.sun.proxy.$Proxy2.processTestClass(Unknown Source)
	at org.gradle.api.internal.tasks.testing.worker.TestWorker.processTestClass(TestWorker.java:105)
	at sun.reflect.NativeMethodAccessorImpl.invoke0(Native Method)
	at sun.reflect.NativeMethodAccessorImpl.invoke(NativeMethodAccessorImpl.java:57)
	at sun.reflect.DelegatingMethodAccessorImpl.invoke(DelegatingMethodAccessorImpl.java:43)
	at java.lang.reflect.Method.invoke(Method.java:606)
	at org.gradle.messaging.dispatch.ReflectionDispatch.dispatch(ReflectionDispatch.java:35)
	at org.gradle.messaging.dispatch.ReflectionDispatch.dispatch(ReflectionDispatch.java:24)
	at org.gradle.messaging.remote.internal.hub.MessageHub$Handler.run(MessageHub.java:360)
	at org.gradle.internal.concurrent.DefaultExecutorFactory$StoppableExecutorImpl$1.run(DefaultExecutorFactory.java:64)
	at java.util.concurrent.ThreadPoolExecutor.runWorker(ThreadPoolExecutor.java:1145)
	at java.util.concurrent.ThreadPoolExecutor$Worker.run(ThreadPoolExecutor.java:615)
	at java.lang.Thread.run(Thread.java:745)
</pre>
</span>
</div>
<div class="test">
<a name="testWithPrincess[34: check (putstatic_getstatic1)]"></a>
<h3 class="failures">testWithPrincess[34: check (putstatic_getstatic1)]</h3>
<span class="code">
<pre>java.lang.AssertionError: Unexpected result for putstatic_getstatic1. Expected: true but got false
	at org.junit.Assert.fail(Assert.java:88)
	at org.junit.Assert.assertTrue(Assert.java:41)
	at jayhorn.test.integration_tests.CbmcTest.verifyAssertions(CbmcTest.java:99)
	at jayhorn.test.integration_tests.CbmcTest.testWithPrincess(CbmcTest.java:75)
	at sun.reflect.GeneratedMethodAccessor5.invoke(Unknown Source)
	at sun.reflect.DelegatingMethodAccessorImpl.invoke(DelegatingMethodAccessorImpl.java:43)
	at java.lang.reflect.Method.invoke(Method.java:606)
	at org.junit.runners.model.FrameworkMethod$1.runReflectiveCall(FrameworkMethod.java:50)
	at org.junit.internal.runners.model.ReflectiveCallable.run(ReflectiveCallable.java:12)
	at org.junit.runners.model.FrameworkMethod.invokeExplosively(FrameworkMethod.java:47)
	at org.junit.internal.runners.statements.InvokeMethod.evaluate(InvokeMethod.java:17)
	at org.junit.runners.ParentRunner.runLeaf(ParentRunner.java:325)
	at org.junit.runners.BlockJUnit4ClassRunner.runChild(BlockJUnit4ClassRunner.java:78)
	at org.junit.runners.BlockJUnit4ClassRunner.runChild(BlockJUnit4ClassRunner.java:57)
	at org.junit.runners.ParentRunner$3.run(ParentRunner.java:290)
	at org.junit.runners.ParentRunner$1.schedule(ParentRunner.java:71)
	at org.junit.runners.ParentRunner.runChildren(ParentRunner.java:288)
	at org.junit.runners.ParentRunner.access$000(ParentRunner.java:58)
	at org.junit.runners.ParentRunner$2.evaluate(ParentRunner.java:268)
	at org.junit.runners.ParentRunner.run(ParentRunner.java:363)
	at org.junit.runners.Suite.runChild(Suite.java:128)
	at org.junit.runners.Suite.runChild(Suite.java:27)
	at org.junit.runners.ParentRunner$3.run(ParentRunner.java:290)
	at org.junit.runners.ParentRunner$1.schedule(ParentRunner.java:71)
	at org.junit.runners.ParentRunner.runChildren(ParentRunner.java:288)
	at org.junit.runners.ParentRunner.access$000(ParentRunner.java:58)
	at org.junit.runners.ParentRunner$2.evaluate(ParentRunner.java:268)
	at org.junit.runners.ParentRunner.run(ParentRunner.java:363)
	at org.gradle.api.internal.tasks.testing.junit.JUnitTestClassExecuter.runTestClass(JUnitTestClassExecuter.java:86)
	at org.gradle.api.internal.tasks.testing.junit.JUnitTestClassExecuter.execute(JUnitTestClassExecuter.java:49)
	at org.gradle.api.internal.tasks.testing.junit.JUnitTestClassProcessor.processTestClass(JUnitTestClassProcessor.java:69)
	at org.gradle.api.internal.tasks.testing.SuiteTestClassProcessor.processTestClass(SuiteTestClassProcessor.java:48)
	at sun.reflect.NativeMethodAccessorImpl.invoke0(Native Method)
	at sun.reflect.NativeMethodAccessorImpl.invoke(NativeMethodAccessorImpl.java:57)
	at sun.reflect.DelegatingMethodAccessorImpl.invoke(DelegatingMethodAccessorImpl.java:43)
	at java.lang.reflect.Method.invoke(Method.java:606)
	at org.gradle.messaging.dispatch.ReflectionDispatch.dispatch(ReflectionDispatch.java:35)
	at org.gradle.messaging.dispatch.ReflectionDispatch.dispatch(ReflectionDispatch.java:24)
	at org.gradle.messaging.dispatch.ContextClassLoaderDispatch.dispatch(ContextClassLoaderDispatch.java:32)
	at org.gradle.messaging.dispatch.ProxyDispatchAdapter$DispatchingInvocationHandler.invoke(ProxyDispatchAdapter.java:93)
	at com.sun.proxy.$Proxy2.processTestClass(Unknown Source)
	at org.gradle.api.internal.tasks.testing.worker.TestWorker.processTestClass(TestWorker.java:105)
	at sun.reflect.NativeMethodAccessorImpl.invoke0(Native Method)
	at sun.reflect.NativeMethodAccessorImpl.invoke(NativeMethodAccessorImpl.java:57)
	at sun.reflect.DelegatingMethodAccessorImpl.invoke(DelegatingMethodAccessorImpl.java:43)
	at java.lang.reflect.Method.invoke(Method.java:606)
	at org.gradle.messaging.dispatch.ReflectionDispatch.dispatch(ReflectionDispatch.java:35)
	at org.gradle.messaging.dispatch.ReflectionDispatch.dispatch(ReflectionDispatch.java:24)
	at org.gradle.messaging.remote.internal.hub.MessageHub$Handler.run(MessageHub.java:360)
	at org.gradle.internal.concurrent.DefaultExecutorFactory$StoppableExecutorImpl$1.run(DefaultExecutorFactory.java:64)
	at java.util.concurrent.ThreadPoolExecutor.runWorker(ThreadPoolExecutor.java:1145)
	at java.util.concurrent.ThreadPoolExecutor$Worker.run(ThreadPoolExecutor.java:615)
	at java.lang.Thread.run(Thread.java:745)
</pre>
</span>
</div>
<div class="test">
<a name="testWithPrincess[37: check (store_load1)]"></a>
<h3 class="failures">testWithPrincess[37: check (store_load1)]</h3>
<span class="code">
<pre>java.lang.RuntimeException: Verification failed with prover code Unknown
	at jayhorn.checker.Checker.checkProgram(Checker.java:102)
	at jayhorn.test.integration_tests.CbmcTest.verifyAssertions(CbmcTest.java:94)
	at jayhorn.test.integration_tests.CbmcTest.testWithPrincess(CbmcTest.java:75)
	at sun.reflect.GeneratedMethodAccessor5.invoke(Unknown Source)
	at sun.reflect.DelegatingMethodAccessorImpl.invoke(DelegatingMethodAccessorImpl.java:43)
	at java.lang.reflect.Method.invoke(Method.java:606)
	at org.junit.runners.model.FrameworkMethod$1.runReflectiveCall(FrameworkMethod.java:50)
	at org.junit.internal.runners.model.ReflectiveCallable.run(ReflectiveCallable.java:12)
	at org.junit.runners.model.FrameworkMethod.invokeExplosively(FrameworkMethod.java:47)
	at org.junit.internal.runners.statements.InvokeMethod.evaluate(InvokeMethod.java:17)
	at org.junit.runners.ParentRunner.runLeaf(ParentRunner.java:325)
	at org.junit.runners.BlockJUnit4ClassRunner.runChild(BlockJUnit4ClassRunner.java:78)
	at org.junit.runners.BlockJUnit4ClassRunner.runChild(BlockJUnit4ClassRunner.java:57)
	at org.junit.runners.ParentRunner$3.run(ParentRunner.java:290)
	at org.junit.runners.ParentRunner$1.schedule(ParentRunner.java:71)
	at org.junit.runners.ParentRunner.runChildren(ParentRunner.java:288)
	at org.junit.runners.ParentRunner.access$000(ParentRunner.java:58)
	at org.junit.runners.ParentRunner$2.evaluate(ParentRunner.java:268)
	at org.junit.runners.ParentRunner.run(ParentRunner.java:363)
	at org.junit.runners.Suite.runChild(Suite.java:128)
	at org.junit.runners.Suite.runChild(Suite.java:27)
	at org.junit.runners.ParentRunner$3.run(ParentRunner.java:290)
	at org.junit.runners.ParentRunner$1.schedule(ParentRunner.java:71)
	at org.junit.runners.ParentRunner.runChildren(ParentRunner.java:288)
	at org.junit.runners.ParentRunner.access$000(ParentRunner.java:58)
	at org.junit.runners.ParentRunner$2.evaluate(ParentRunner.java:268)
	at org.junit.runners.ParentRunner.run(ParentRunner.java:363)
	at org.gradle.api.internal.tasks.testing.junit.JUnitTestClassExecuter.runTestClass(JUnitTestClassExecuter.java:86)
	at org.gradle.api.internal.tasks.testing.junit.JUnitTestClassExecuter.execute(JUnitTestClassExecuter.java:49)
	at org.gradle.api.internal.tasks.testing.junit.JUnitTestClassProcessor.processTestClass(JUnitTestClassProcessor.java:69)
	at org.gradle.api.internal.tasks.testing.SuiteTestClassProcessor.processTestClass(SuiteTestClassProcessor.java:48)
	at sun.reflect.NativeMethodAccessorImpl.invoke0(Native Method)
	at sun.reflect.NativeMethodAccessorImpl.invoke(NativeMethodAccessorImpl.java:57)
	at sun.reflect.DelegatingMethodAccessorImpl.invoke(DelegatingMethodAccessorImpl.java:43)
	at java.lang.reflect.Method.invoke(Method.java:606)
	at org.gradle.messaging.dispatch.ReflectionDispatch.dispatch(ReflectionDispatch.java:35)
	at org.gradle.messaging.dispatch.ReflectionDispatch.dispatch(ReflectionDispatch.java:24)
	at org.gradle.messaging.dispatch.ContextClassLoaderDispatch.dispatch(ContextClassLoaderDispatch.java:32)
	at org.gradle.messaging.dispatch.ProxyDispatchAdapter$DispatchingInvocationHandler.invoke(ProxyDispatchAdapter.java:93)
	at com.sun.proxy.$Proxy2.processTestClass(Unknown Source)
	at org.gradle.api.internal.tasks.testing.worker.TestWorker.processTestClass(TestWorker.java:105)
	at sun.reflect.NativeMethodAccessorImpl.invoke0(Native Method)
	at sun.reflect.NativeMethodAccessorImpl.invoke(NativeMethodAccessorImpl.java:57)
	at sun.reflect.DelegatingMethodAccessorImpl.invoke(DelegatingMethodAccessorImpl.java:43)
	at java.lang.reflect.Method.invoke(Method.java:606)
	at org.gradle.messaging.dispatch.ReflectionDispatch.dispatch(ReflectionDispatch.java:35)
	at org.gradle.messaging.dispatch.ReflectionDispatch.dispatch(ReflectionDispatch.java:24)
	at org.gradle.messaging.remote.internal.hub.MessageHub$Handler.run(MessageHub.java:360)
	at org.gradle.internal.concurrent.DefaultExecutorFactory$StoppableExecutorImpl$1.run(DefaultExecutorFactory.java:64)
	at java.util.concurrent.ThreadPoolExecutor.runWorker(ThreadPoolExecutor.java:1145)
	at java.util.concurrent.ThreadPoolExecutor$Worker.run(ThreadPoolExecutor.java:615)
	at java.lang.Thread.run(Thread.java:745)
</pre>
</span>
</div>
<div class="test">
<a name="testWithPrincess[39: check (uninitialised1)]"></a>
<h3 class="failures">testWithPrincess[39: check (uninitialised1)]</h3>
<span class="code">
<pre>java.lang.AssertionError: Unexpected result for uninitialised1. Expected: true but got false
	at org.junit.Assert.fail(Assert.java:88)
	at org.junit.Assert.assertTrue(Assert.java:41)
	at jayhorn.test.integration_tests.CbmcTest.verifyAssertions(CbmcTest.java:99)
	at jayhorn.test.integration_tests.CbmcTest.testWithPrincess(CbmcTest.java:75)
	at sun.reflect.GeneratedMethodAccessor5.invoke(Unknown Source)
	at sun.reflect.DelegatingMethodAccessorImpl.invoke(DelegatingMethodAccessorImpl.java:43)
	at java.lang.reflect.Method.invoke(Method.java:606)
	at org.junit.runners.model.FrameworkMethod$1.runReflectiveCall(FrameworkMethod.java:50)
	at org.junit.internal.runners.model.ReflectiveCallable.run(ReflectiveCallable.java:12)
	at org.junit.runners.model.FrameworkMethod.invokeExplosively(FrameworkMethod.java:47)
	at org.junit.internal.runners.statements.InvokeMethod.evaluate(InvokeMethod.java:17)
	at org.junit.runners.ParentRunner.runLeaf(ParentRunner.java:325)
	at org.junit.runners.BlockJUnit4ClassRunner.runChild(BlockJUnit4ClassRunner.java:78)
	at org.junit.runners.BlockJUnit4ClassRunner.runChild(BlockJUnit4ClassRunner.java:57)
	at org.junit.runners.ParentRunner$3.run(ParentRunner.java:290)
	at org.junit.runners.ParentRunner$1.schedule(ParentRunner.java:71)
	at org.junit.runners.ParentRunner.runChildren(ParentRunner.java:288)
	at org.junit.runners.ParentRunner.access$000(ParentRunner.java:58)
	at org.junit.runners.ParentRunner$2.evaluate(ParentRunner.java:268)
	at org.junit.runners.ParentRunner.run(ParentRunner.java:363)
	at org.junit.runners.Suite.runChild(Suite.java:128)
	at org.junit.runners.Suite.runChild(Suite.java:27)
	at org.junit.runners.ParentRunner$3.run(ParentRunner.java:290)
	at org.junit.runners.ParentRunner$1.schedule(ParentRunner.java:71)
	at org.junit.runners.ParentRunner.runChildren(ParentRunner.java:288)
	at org.junit.runners.ParentRunner.access$000(ParentRunner.java:58)
	at org.junit.runners.ParentRunner$2.evaluate(ParentRunner.java:268)
	at org.junit.runners.ParentRunner.run(ParentRunner.java:363)
	at org.gradle.api.internal.tasks.testing.junit.JUnitTestClassExecuter.runTestClass(JUnitTestClassExecuter.java:86)
	at org.gradle.api.internal.tasks.testing.junit.JUnitTestClassExecuter.execute(JUnitTestClassExecuter.java:49)
	at org.gradle.api.internal.tasks.testing.junit.JUnitTestClassProcessor.processTestClass(JUnitTestClassProcessor.java:69)
	at org.gradle.api.internal.tasks.testing.SuiteTestClassProcessor.processTestClass(SuiteTestClassProcessor.java:48)
	at sun.reflect.NativeMethodAccessorImpl.invoke0(Native Method)
	at sun.reflect.NativeMethodAccessorImpl.invoke(NativeMethodAccessorImpl.java:57)
	at sun.reflect.DelegatingMethodAccessorImpl.invoke(DelegatingMethodAccessorImpl.java:43)
	at java.lang.reflect.Method.invoke(Method.java:606)
	at org.gradle.messaging.dispatch.ReflectionDispatch.dispatch(ReflectionDispatch.java:35)
	at org.gradle.messaging.dispatch.ReflectionDispatch.dispatch(ReflectionDispatch.java:24)
	at org.gradle.messaging.dispatch.ContextClassLoaderDispatch.dispatch(ContextClassLoaderDispatch.java:32)
	at org.gradle.messaging.dispatch.ProxyDispatchAdapter$DispatchingInvocationHandler.invoke(ProxyDispatchAdapter.java:93)
	at com.sun.proxy.$Proxy2.processTestClass(Unknown Source)
	at org.gradle.api.internal.tasks.testing.worker.TestWorker.processTestClass(TestWorker.java:105)
	at sun.reflect.NativeMethodAccessorImpl.invoke0(Native Method)
	at sun.reflect.NativeMethodAccessorImpl.invoke(NativeMethodAccessorImpl.java:57)
	at sun.reflect.DelegatingMethodAccessorImpl.invoke(DelegatingMethodAccessorImpl.java:43)
	at java.lang.reflect.Method.invoke(Method.java:606)
	at org.gradle.messaging.dispatch.ReflectionDispatch.dispatch(ReflectionDispatch.java:35)
	at org.gradle.messaging.dispatch.ReflectionDispatch.dispatch(ReflectionDispatch.java:24)
	at org.gradle.messaging.remote.internal.hub.MessageHub$Handler.run(MessageHub.java:360)
	at org.gradle.internal.concurrent.DefaultExecutorFactory$StoppableExecutorImpl$1.run(DefaultExecutorFactory.java:64)
	at java.util.concurrent.ThreadPoolExecutor.runWorker(ThreadPoolExecutor.java:1145)
	at java.util.concurrent.ThreadPoolExecutor$Worker.run(ThreadPoolExecutor.java:615)
	at java.lang.Thread.run(Thread.java:745)
</pre>
</span>
</div>
<div class="test">
<a name="testWithPrincess[9: check (astore_aload1)]"></a>
<h3 class="failures">testWithPrincess[9: check (astore_aload1)]</h3>
<span class="code">
<pre>java.lang.RuntimeException: Verification failed with prover code Unknown
	at jayhorn.checker.Checker.checkProgram(Checker.java:102)
	at jayhorn.test.integration_tests.CbmcTest.verifyAssertions(CbmcTest.java:94)
	at jayhorn.test.integration_tests.CbmcTest.testWithPrincess(CbmcTest.java:75)
	at sun.reflect.NativeMethodAccessorImpl.invoke0(Native Method)
	at sun.reflect.NativeMethodAccessorImpl.invoke(NativeMethodAccessorImpl.java:57)
	at sun.reflect.DelegatingMethodAccessorImpl.invoke(DelegatingMethodAccessorImpl.java:43)
	at java.lang.reflect.Method.invoke(Method.java:606)
	at org.junit.runners.model.FrameworkMethod$1.runReflectiveCall(FrameworkMethod.java:50)
	at org.junit.internal.runners.model.ReflectiveCallable.run(ReflectiveCallable.java:12)
	at org.junit.runners.model.FrameworkMethod.invokeExplosively(FrameworkMethod.java:47)
	at org.junit.internal.runners.statements.InvokeMethod.evaluate(InvokeMethod.java:17)
	at org.junit.runners.ParentRunner.runLeaf(ParentRunner.java:325)
	at org.junit.runners.BlockJUnit4ClassRunner.runChild(BlockJUnit4ClassRunner.java:78)
	at org.junit.runners.BlockJUnit4ClassRunner.runChild(BlockJUnit4ClassRunner.java:57)
	at org.junit.runners.ParentRunner$3.run(ParentRunner.java:290)
	at org.junit.runners.ParentRunner$1.schedule(ParentRunner.java:71)
	at org.junit.runners.ParentRunner.runChildren(ParentRunner.java:288)
	at org.junit.runners.ParentRunner.access$000(ParentRunner.java:58)
	at org.junit.runners.ParentRunner$2.evaluate(ParentRunner.java:268)
	at org.junit.runners.ParentRunner.run(ParentRunner.java:363)
	at org.junit.runners.Suite.runChild(Suite.java:128)
	at org.junit.runners.Suite.runChild(Suite.java:27)
	at org.junit.runners.ParentRunner$3.run(ParentRunner.java:290)
	at org.junit.runners.ParentRunner$1.schedule(ParentRunner.java:71)
	at org.junit.runners.ParentRunner.runChildren(ParentRunner.java:288)
	at org.junit.runners.ParentRunner.access$000(ParentRunner.java:58)
	at org.junit.runners.ParentRunner$2.evaluate(ParentRunner.java:268)
	at org.junit.runners.ParentRunner.run(ParentRunner.java:363)
	at org.gradle.api.internal.tasks.testing.junit.JUnitTestClassExecuter.runTestClass(JUnitTestClassExecuter.java:86)
	at org.gradle.api.internal.tasks.testing.junit.JUnitTestClassExecuter.execute(JUnitTestClassExecuter.java:49)
	at org.gradle.api.internal.tasks.testing.junit.JUnitTestClassProcessor.processTestClass(JUnitTestClassProcessor.java:69)
	at org.gradle.api.internal.tasks.testing.SuiteTestClassProcessor.processTestClass(SuiteTestClassProcessor.java:48)
	at sun.reflect.NativeMethodAccessorImpl.invoke0(Native Method)
	at sun.reflect.NativeMethodAccessorImpl.invoke(NativeMethodAccessorImpl.java:57)
	at sun.reflect.DelegatingMethodAccessorImpl.invoke(DelegatingMethodAccessorImpl.java:43)
	at java.lang.reflect.Method.invoke(Method.java:606)
	at org.gradle.messaging.dispatch.ReflectionDispatch.dispatch(ReflectionDispatch.java:35)
	at org.gradle.messaging.dispatch.ReflectionDispatch.dispatch(ReflectionDispatch.java:24)
	at org.gradle.messaging.dispatch.ContextClassLoaderDispatch.dispatch(ContextClassLoaderDispatch.java:32)
	at org.gradle.messaging.dispatch.ProxyDispatchAdapter$DispatchingInvocationHandler.invoke(ProxyDispatchAdapter.java:93)
	at com.sun.proxy.$Proxy2.processTestClass(Unknown Source)
	at org.gradle.api.internal.tasks.testing.worker.TestWorker.processTestClass(TestWorker.java:105)
	at sun.reflect.NativeMethodAccessorImpl.invoke0(Native Method)
	at sun.reflect.NativeMethodAccessorImpl.invoke(NativeMethodAccessorImpl.java:57)
	at sun.reflect.DelegatingMethodAccessorImpl.invoke(DelegatingMethodAccessorImpl.java:43)
	at java.lang.reflect.Method.invoke(Method.java:606)
	at org.gradle.messaging.dispatch.ReflectionDispatch.dispatch(ReflectionDispatch.java:35)
	at org.gradle.messaging.dispatch.ReflectionDispatch.dispatch(ReflectionDispatch.java:24)
	at org.gradle.messaging.remote.internal.hub.MessageHub$Handler.run(MessageHub.java:360)
	at org.gradle.internal.concurrent.DefaultExecutorFactory$StoppableExecutorImpl$1.run(DefaultExecutorFactory.java:64)
	at java.util.concurrent.ThreadPoolExecutor.runWorker(ThreadPoolExecutor.java:1145)
	at java.util.concurrent.ThreadPoolExecutor$Worker.run(ThreadPoolExecutor.java:615)
	at java.lang.Thread.run(Thread.java:745)
</pre>
</span>
</div>
</div>
<div id="tab1" class="tab">
<h2>Tests</h2>
<table>
<thead>
<tr>
<th>Test</th>
<th>Duration</th>
<th>Result</th>
</tr>
</thead>
<tr>
<td class="failures">testWithPrincess[0: check (aastore_aaload1)]</td>
<td>11.123s</td>
<td class="failures">failed</td>
</tr>
<tr>
<td class="success">testWithPrincess[10: check (athrow1)]</td>
<td>6.068s</td>
<td class="success">passed</td>
</tr>
<tr>
<td class="success">testWithPrincess[11: check (basic1)]</td>
<td>0.371s</td>
<td class="success">passed</td>
</tr>
<tr>
<td class="success">testWithPrincess[12: check (basic2)]</td>
<td>0.672s</td>
<td class="success">passed</td>
</tr>
<tr>
<td class="failures">testWithPrincess[13: check (cast1)]</td>
<td>1.508s</td>
<td class="failures">failed</td>
</tr>
<tr>
<td class="success">testWithPrincess[14: check (catch1)]</td>
<td>0.300s</td>
<td class="success">passed</td>
</tr>
<tr>
<td class="failures">testWithPrincess[15: check (classpath1)]</td>
<td>0.351s</td>
<td class="failures">failed</td>
</tr>
<tr>
<td class="success">testWithPrincess[16: check (const1)]</td>
<td>0.716s</td>
<td class="success">passed</td>
</tr>
<tr>
<td class="failures">testWithPrincess[17: check (constructor1)]</td>
<td>1.181s</td>
<td class="failures">failed</td>
</tr>
<tr>
<td class="success">testWithPrincess[18: check (double1)]</td>
<td>0.300s</td>
<td class="success">passed</td>
</tr>
<tr>
<td class="failures">testWithPrincess[19: check (farith1)]</td>
<td>5.334s</td>
<td class="failures">failed</td>
</tr>
<tr>
<td class="failures">testWithPrincess[1: check (array1)]</td>
<td>16.332s</td>
<td class="failures">failed</td>
</tr>
<tr>
<td class="failures">testWithPrincess[20: check (fcmpx_dcmpx1)]</td>
<td>0.925s</td>
<td class="failures">failed</td>
</tr>
<tr>
<td class="success">testWithPrincess[21: check (float1)]</td>
<td>0.227s</td>
<td class="success">passed</td>
</tr>
<tr>
<td class="success">testWithPrincess[22: check (iarith1)]</td>
<td>0.518s</td>
<td class="success">passed</td>
</tr>
<tr>
<td class="failures">testWithPrincess[23: check (iarith2)]</td>
<td>0.519s</td>
<td class="failures">failed</td>
</tr>
<tr>
<td class="failures">testWithPrincess[24: check (if_acmp1)]</td>
<td>1.061s</td>
<td class="failures">failed</td>
</tr>
<tr>
<td class="success">testWithPrincess[25: check (if_icmp1)]</td>
<td>0.660s</td>
<td class="success">passed</td>
</tr>
<tr>
<td class="success">testWithPrincess[26: check (ifxx1)]</td>
<td>0.461s</td>
<td class="success">passed</td>
</tr>
<tr>
<td class="success">testWithPrincess[27: check (list1)]</td>
<td>7.844s</td>
<td class="success">passed</td>
</tr>
<tr>
<td class="failures">testWithPrincess[28: check (long1)]</td>
<td>0.915s</td>
<td class="failures">failed</td>
</tr>
<tr>
<td class="success">testWithPrincess[29: check (lookupswitch1)]</td>
<td>1.393s</td>
<td class="success">passed</td>
</tr>
<tr>
<td class="success">testWithPrincess[2: check (arraylength1)]</td>
<td>1.180s</td>
<td class="success">passed</td>
</tr>
<tr>
<td class="success">testWithPrincess[30: check (loop1)]</td>
<td>0.240s</td>
<td class="success">passed</td>
</tr>
<tr>
<td class="success">testWithPrincess[31: check (multinewarray)]</td>
<td>0.670s</td>
<td class="success">passed</td>
</tr>
<tr>
<td class="success">testWithPrincess[32: check (overloading1)]</td>
<td>0.393s</td>
<td class="success">passed</td>
</tr>
<tr>
<td class="success">testWithPrincess[33: check (putfield_getfield1)]</td>
<td>0.689s</td>
<td class="success">passed</td>
</tr>
<tr>
<td class="failures">testWithPrincess[34: check (putstatic_getstatic1)]</td>
<td>0.318s</td>
<td class="failures">failed</td>
</tr>
<tr>
<td class="success">testWithPrincess[35: check (return1)]</td>
<td>0.877s</td>
<td class="success">passed</td>
</tr>
<tr>
<td class="success">testWithPrincess[36: check (short1)]</td>
<td>0.322s</td>
<td class="success">passed</td>
</tr>
<tr>
<td class="failures">testWithPrincess[37: check (store_load1)]</td>
<td>30.628s</td>
<td class="failures">failed</td>
</tr>
<tr>
<td class="success">testWithPrincess[38: check (tableswitch1)]</td>
<td>1.569s</td>
<td class="success">passed</td>
</tr>
<tr>
<td class="failures">testWithPrincess[39: check (uninitialised1)]</td>
<td>0.594s</td>
<td class="failures">failed</td>
</tr>
<tr>
<td class="success">testWithPrincess[3: check (assert1)]</td>
<td>0.410s</td>
<td class="success">passed</td>
</tr>
<tr>
<td class="success">testWithPrincess[40: check (virtual1)]</td>
<td>0.482s</td>
<td class="success">passed</td>
</tr>
<tr>
<td class="success">testWithPrincess[41: check (virtual2)]</td>
<td>0.504s</td>
<td class="success">passed</td>
</tr>
<tr>
<td class="success">testWithPrincess[42: check (virtual3)]</td>
<td>0.424s</td>
<td class="success">passed</td>
</tr>
<tr>
<td class="success">testWithPrincess[43: check (virtual4)]</td>
<td>0.161s</td>
<td class="success">passed</td>
</tr>
<tr>
<td class="success">testWithPrincess[4: check (assert2)]</td>
<td>0.836s</td>
<td class="success">passed</td>
</tr>
<tr>
<td class="success">testWithPrincess[5: check (assert3)]</td>
<td>0.651s</td>
<td class="success">passed</td>
</tr>
<tr>
<td class="success">testWithPrincess[6: check (assert4)]</td>
<td>0.487s</td>
<td class="success">passed</td>
</tr>
<tr>
<td class="success">testWithPrincess[7: check (assert5)]</td>
<td>0.650s</td>
<td class="success">passed</td>
</tr>
<tr>
<td class="success">testWithPrincess[8: check (assert6)]</td>
<td>0.384s</td>
<td class="success">passed</td>
</tr>
<tr>
<td class="failures">testWithPrincess[9: check (astore_aload1)]</td>
<td>23.348s</td>
<td class="failures">failed</td>
</tr>
</table>
</div>
<div id="tab2" class="tab">
<h2>Standard output</h2>
<span class="code">
<pre>Running test: aastore_aaload1
	expected result: true
[root] - Hornify  ... 
[root] - Check if program has one entry ... 
[root] - Interprocedural Push/Pull Ordering
[root] - Building type hierarchy ... 
[root] - Generating Method Contract ... 
[root] - Transform Program Methods into Horn Clauses ... 
RESULT: Unsat
Running test: array1
	expected result: true
[root] - Hornify  ... 
[root] - Check if program has one entry ... 
[root] - Interprocedural Push/Pull Ordering
[root] - Building type hierarchy ... 
[root] - Generating Method Contract ... 
[root] - Transform Program Methods into Horn Clauses ... 
RESULT: Unknown
Running test: arraylength1
	expected result: true
[root] - Hornify  ... 
[root] - Check if program has one entry ... 
[root] - Interprocedural Push/Pull Ordering
[root] - Building type hierarchy ... 
[root] - Generating Method Contract ... 
[root] - Transform Program Methods into Horn Clauses ... 
RESULT: Sat
Running test: assert1
	expected result: true
[root] - Hornify  ... 
[root] - Check if program has one entry ... 
[root] - Interprocedural Push/Pull Ordering
[root] - Building type hierarchy ... 
[root] - Generating Method Contract ... 
[root] - Transform Program Methods into Horn Clauses ... 
RESULT: Sat
Running test: assert2
	expected result: false
[root] - Hornify  ... 
[root] - Check if program has one entry ... 
[root] - Interprocedural Push/Pull Ordering
[root] - Building type hierarchy ... 
[root] - Generating Method Contract ... 
[root] - Transform Program Methods into Horn Clauses ... 
RESULT: Unsat
Running test: assert3
	expected result: false
[root] - Hornify  ... 
[root] - Check if program has one entry ... 
[root] - Interprocedural Push/Pull Ordering
[root] - Building type hierarchy ... 
[root] - Generating Method Contract ... 
[root] - Transform Program Methods into Horn Clauses ... 
RESULT: Unsat
Running test: assert4
	expected result: false
[root] - Hornify  ... 
[root] - Check if program has one entry ... 
[root] - Interprocedural Push/Pull Ordering
[root] - Building type hierarchy ... 
[root] - Generating Method Contract ... 
[root] - Transform Program Methods into Horn Clauses ... 
RESULT: Unsat
Running test: assert5
	expected result: true
[root] - Hornify  ... 
[root] - Check if program has one entry ... 
[root] - Interprocedural Push/Pull Ordering
[root] - Building type hierarchy ... 
[root] - Generating Method Contract ... 
[root] - Transform Program Methods into Horn Clauses ... 
RESULT: Sat
Running test: assert6
	expected result: true
[root] - Hornify  ... 
[root] - Check if program has one entry ... 
[root] - Interprocedural Push/Pull Ordering
[root] - Building type hierarchy ... 
[root] - Generating Method Contract ... 
[root] - Transform Program Methods into Horn Clauses ... 
RESULT: Sat
Running test: astore_aload1
	expected result: true
[root] - Hornify  ... 
[root] - Check if program has one entry ... 
[root] - Interprocedural Push/Pull Ordering
[root] - Building type hierarchy ... 
[root] - Generating Method Contract ... 
[root] - Transform Program Methods into Horn Clauses ... 
RESULT: Unknown
Running test: athrow1
	expected result: false
[root] - Hornify  ... 
[root] - Check if program has one entry ... 
[root] - Interprocedural Push/Pull Ordering
[root] - Building type hierarchy ... 
[root] - Generating Method Contract ... 
[root] - Transform Program Methods into Horn Clauses ... 
RESULT: Unsat
Running test: basic1
	expected result: true
[root] - Hornify  ... 
[root] - Check if program has one entry ... 
[root] - Interprocedural Push/Pull Ordering
[root] - Building type hierarchy ... 
[root] - Generating Method Contract ... 
[root] - Transform Program Methods into Horn Clauses ... 
RESULT: Sat
Running test: basic2
	expected result: true
[root] - Hornify  ... 
[root] - Check if program has one entry ... 
[root] - Interprocedural Push/Pull Ordering
[root] - Building type hierarchy ... 
[root] - Generating Method Contract ... 
[root] - Transform Program Methods into Horn Clauses ... 
RESULT: Sat
Running test: cast1
	expected result: true
[root] - Hornify  ... 
[root] - Check if program has one entry ... 
[root] - Interprocedural Push/Pull Ordering
[root] - Building type hierarchy ... 
[root] - Generating Method Contract ... 
[root] - Transform Program Methods into Horn Clauses ... 
RESULT: Unsat
Running test: catch1
	expected result: true
[root] - Hornify  ... 
[root] - Check if program has one entry ... 
[root] - Interprocedural Push/Pull Ordering
[root] - Building type hierarchy ... 
[root] - Generating Method Contract ... 
[root] - Transform Program Methods into Horn Clauses ... 
RESULT: Sat
Running test: classpath1
	expected result: true
[root] - Hornify  ... 
[root] - Check if program has one entry ... 
[root] - Interprocedural Push/Pull Ordering
[root] - Building type hierarchy ... 
[root] - Generating Method Contract ... 
[root] - Transform Program Methods into Horn Clauses ... 
RESULT: Unsat
Running test: const1
	expected result: true
[root] - Hornify  ... 
[root] - Check if program has one entry ... 
[root] - Interprocedural Push/Pull Ordering
[root] - Building type hierarchy ... 
[root] - Generating Method Contract ... 
[root] - Transform Program Methods into Horn Clauses ... 
RESULT: Sat
Running test: constructor1
	expected result: true
[root] - Hornify  ... 
[root] - Check if program has one entry ... 
[root] - Interprocedural Push/Pull Ordering
[root] - Building type hierarchy ... 
[root] - Generating Method Contract ... 
[root] - Transform Program Methods into Horn Clauses ... 
RESULT: Unsat
Running test: double1
	expected result: true
[root] - Hornify  ... 
[root] - Check if program has one entry ... 
[root] - Interprocedural Push/Pull Ordering
[root] - Building type hierarchy ... 
[root] - Generating Method Contract ... 
[root] - Transform Program Methods into Horn Clauses ... 
RESULT: Sat
Running test: farith1
	expected result: true
[root] - Hornify  ... 
[root] - Check if program has one entry ... 
[root] - Interprocedural Push/Pull Ordering
[root] - Building type hierarchy ... 
[root] - Generating Method Contract ... 
[root] - Transform Program Methods into Horn Clauses ... 
RESULT: Unsat
Running test: fcmpx_dcmpx1
	expected result: true
[root] - Hornify  ... 
[root] - Check if program has one entry ... 
[root] - Interprocedural Push/Pull Ordering
[root] - Building type hierarchy ... 
[root] - Generating Method Contract ... 
[root] - Transform Program Methods into Horn Clauses ... 
RESULT: Unsat
Running test: float1
	expected result: true
[root] - Hornify  ... 
[root] - Check if program has one entry ... 
[root] - Interprocedural Push/Pull Ordering
[root] - Building type hierarchy ... 
[root] - Generating Method Contract ... 
[root] - Transform Program Methods into Horn Clauses ... 
RESULT: Sat
Running test: iarith1
	expected result: true
[root] - Hornify  ... 
[root] - Check if program has one entry ... 
[root] - Interprocedural Push/Pull Ordering
[root] - Building type hierarchy ... 
[root] - Generating Method Contract ... 
[root] - Transform Program Methods into Horn Clauses ... 
RESULT: Sat
Running test: iarith2
	expected result: true
[root] - Hornify  ... 
[root] - Check if program has one entry ... 
[root] - Interprocedural Push/Pull Ordering
[root] - Building type hierarchy ... 
[root] - Generating Method Contract ... 
[root] - Transform Program Methods into Horn Clauses ... 
Running test: if_acmp1
	expected result: true
[root] - Hornify  ... 
[root] - Check if program has one entry ... 
[root] - Interprocedural Push/Pull Ordering
[root] - Building type hierarchy ... 
[root] - Generating Method Contract ... 
[root] - Transform Program Methods into Horn Clauses ... 
RESULT: Unsat
Running test: if_icmp1
	expected result: true
[root] - Hornify  ... 
[root] - Check if program has one entry ... 
[root] - Interprocedural Push/Pull Ordering
[root] - Building type hierarchy ... 
[root] - Generating Method Contract ... 
[root] - Transform Program Methods into Horn Clauses ... 
RESULT: Sat
Running test: ifxx1
	expected result: true
[root] - Hornify  ... 
[root] - Check if program has one entry ... 
[root] - Interprocedural Push/Pull Ordering
[root] - Building type hierarchy ... 
[root] - Generating Method Contract ... 
[root] - Transform Program Methods into Horn Clauses ... 
RESULT: Sat
Running test: list1
	expected result: true
[root] - Hornify  ... 
[root] - Check if program has one entry ... 
[root] - Interprocedural Push/Pull Ordering
[root] - Building type hierarchy ... 
[root] - Generating Method Contract ... 
[root] - Transform Program Methods into Horn Clauses ... 
RESULT: Sat
Running test: long1
	expected result: true
[root] - Hornify  ... 
[root] - Check if program has one entry ... 
[root] - Interprocedural Push/Pull Ordering
[root] - Building type hierarchy ... 
[root] - Generating Method Contract ... 
[root] - Transform Program Methods into Horn Clauses ... 
RESULT: Unsat
Running test: lookupswitch1
	expected result: true
[root] - Hornify  ... 
[root] - Check if program has one entry ... 
[root] - Interprocedural Push/Pull Ordering
[root] - Building type hierarchy ... 
[root] - Generating Method Contract ... 
[root] - Transform Program Methods into Horn Clauses ... 
RESULT: Sat
Running test: loop1
	expected result: true
[root] - Hornify  ... 
[root] - Check if program has one entry ... 
[root] - Interprocedural Push/Pull Ordering
[root] - Building type hierarchy ... 
[root] - Generating Method Contract ... 
[root] - Transform Program Methods into Horn Clauses ... 
RESULT: Sat
Running test: multinewarray
	expected result: true
[root] - Hornify  ... 
[root] - Check if program has one entry ... 
[root] - Interprocedural Push/Pull Ordering
[root] - Building type hierarchy ... 
[root] - Generating Method Contract ... 
[root] - Transform Program Methods into Horn Clauses ... 
RESULT: Sat
Running test: overloading1
	expected result: true
[root] - Hornify  ... 
[root] - Check if program has one entry ... 
[root] - Interprocedural Push/Pull Ordering
[root] - Building type hierarchy ... 
[root] - Generating Method Contract ... 
[root] - Transform Program Methods into Horn Clauses ... 
RESULT: Sat
Running test: putfield_getfield1
	expected result: true
[root] - Hornify  ... 
[root] - Check if program has one entry ... 
[root] - Interprocedural Push/Pull Ordering
[root] - Building type hierarchy ... 
[root] - Generating Method Contract ... 
[root] - Transform Program Methods into Horn Clauses ... 
RESULT: Sat
Running test: putstatic_getstatic1
	expected result: true
[root] - Hornify  ... 
[root] - Check if program has one entry ... 
[root] - Interprocedural Push/Pull Ordering
[root] - Building type hierarchy ... 
[root] - Generating Method Contract ... 
[root] - Transform Program Methods into Horn Clauses ... 
RESULT: Unsat
Running test: return1
	expected result: false
[root] - Hornify  ... 
[root] - Check if program has one entry ... 
[root] - Interprocedural Push/Pull Ordering
[root] - Building type hierarchy ... 
[root] - Generating Method Contract ... 
[root] - Transform Program Methods into Horn Clauses ... 
RESULT: Unsat
Running test: short1
	expected result: true
[root] - Hornify  ... 
[root] - Check if program has one entry ... 
[root] - Interprocedural Push/Pull Ordering
[root] - Building type hierarchy ... 
[root] - Generating Method Contract ... 
[root] - Transform Program Methods into Horn Clauses ... 
RESULT: Sat
Running test: store_load1
	expected result: true
[root] - Hornify  ... 
[root] - Check if program has one entry ... 
[root] - Interprocedural Push/Pull Ordering
[root] - Building type hierarchy ... 
[root] - Generating Method Contract ... 
[root] - Transform Program Methods into Horn Clauses ... 
RESULT: Unknown
Running test: tableswitch1
	expected result: true
[root] - Hornify  ... 
[root] - Check if program has one entry ... 
[root] - Interprocedural Push/Pull Ordering
[root] - Building type hierarchy ... 
[root] - Generating Method Contract ... 
[root] - Transform Program Methods into Horn Clauses ... 
RESULT: Sat
Running test: uninitialised1
	expected result: true
[root] - Hornify  ... 
[root] - Check if program has one entry ... 
[root] - Interprocedural Push/Pull Ordering
[root] - Building type hierarchy ... 
[root] - Generating Method Contract ... 
[root] - Transform Program Methods into Horn Clauses ... 
RESULT: Unsat
Running test: virtual1
	expected result: true
[root] - Hornify  ... 
[root] - Check if program has one entry ... 
[root] - Interprocedural Push/Pull Ordering
[root] - Building type hierarchy ... 
[root] - Generating Method Contract ... 
[root] - Transform Program Methods into Horn Clauses ... 
RESULT: Sat
Running test: virtual2
	expected result: false
[root] - Hornify  ... 
[root] - Check if program has one entry ... 
[root] - Interprocedural Push/Pull Ordering
[root] - Building type hierarchy ... 
[root] - Generating Method Contract ... 
[root] - Transform Program Methods into Horn Clauses ... 
RESULT: Unsat
Running test: virtual3
	expected result: false
[root] - Hornify  ... 
[root] - Check if program has one entry ... 
[root] - Interprocedural Push/Pull Ordering
[root] - Building type hierarchy ... 
[root] - Generating Method Contract ... 
[root] - Transform Program Methods into Horn Clauses ... 
RESULT: Unsat
Running test: virtual4
	expected result: true
[root] - Hornify  ... 
[root] - Check if program has one entry ... 
[root] - Interprocedural Push/Pull Ordering
[root] - Building type hierarchy ... 
[root] - Generating Method Contract ... 
[root] - Transform Program Methods into Horn Clauses ... 
RESULT: Sat
</pre>
</span>
</div>
<div id="tab3" class="tab">
<h2>Standard error</h2>
<span class="code">
<pre>Pull not reachable from program entry: this_$length_8400, this_$elType_8411, this_$dynamicType_8422, this_atIndex_0_8433, this_atIndex_1_8444, this_atIndex_2_8455, this_atIndex_3_8466, this_atIndex_4_8477 := pull(JayArray_what_not, this)
Pull not reachable from program entry: this_$length_8400, this_$elType_8411, this_$dynamicType_8422, this_atIndex_0_8433, this_atIndex_1_8444, this_atIndex_2_8455, this_atIndex_3_8466, this_atIndex_4_8477 := pull(JayArray_what_not, this)
Pull not reachable from program entry: this_$length_5520, this_$elType_5531, this_$dynamicType_5542, this_atIndex_0_03, this_atIndex_1_04, this_atIndex_2_05, this_atIndex_3_06, this_atIndex_4_07 := pull(JayArray_int, this)
Pull not reachable from program entry: this_$length_5520, this_$elType_5531, this_$dynamicType_5542, this_atIndex_0_03, this_atIndex_1_04, this_atIndex_2_05, this_atIndex_3_06, this_atIndex_4_07 := pull(JayArray_int, this)
Not guarding cast from double to int. This should be done by the compiler.
Not guarding cast from double to int. This should be done by the compiler.
Not guarding cast from double to int. This should be done by the compiler.
Not guarding cast from int to long. This should be done by the compiler.
Not guarding cast from int to char. This should be done by the compiler.
Not guarding cast from double to int. This should be done by the compiler.
Not guarding cast from double to int. This should be done by the compiler.
Not guarding cast from double to int. This should be done by the compiler.
Not guarding cast from double to int. This should be done by the compiler.
Not guarding cast from double to int. This should be done by the compiler.
Not guarding cast from int to float. This should be done by the compiler.
Not guarding cast from double to int. This should be done by the compiler.
Not guarding cast from int to short. This should be done by the compiler.
Not guarding cast from double to int. This should be done by the compiler.
Not guarding cast from int to byte. This should be done by the compiler.
Not guarding cast from int to double. This should be done by the compiler.
Pull not reachable from program entry: this_$length_5900, this_$elType_5911, this_$dynamicType_5922, this_atIndex_0_03, this_atIndex_1_04, this_atIndex_2_05, this_atIndex_3_06, this_atIndex_4_07 := pull(JayArray_float, this)
Not guarding cast from byte to long. This should be done by the compiler.
Not guarding cast from double to float. This should be done by the compiler.
Not guarding cast from int to long. This should be done by the compiler.
Not guarding cast from double to int. This should be done by the compiler.
Not guarding cast from byte to char. This should be done by the compiler.
Not guarding cast from double to long. This should be done by the compiler.
Not guarding cast from byte to float. This should be done by the compiler.
Not guarding cast from byte to long. This should be done by the compiler.
Not guarding cast from byte to byte. This should be done by the compiler.
Not guarding cast from double to int. This should be done by the compiler.
Not guarding cast from byte to double. This should be done by the compiler.
Not guarding cast from byte to short. This should be done by the compiler.
Not guarding cast from byte to double. This should be done by the compiler.
Not guarding cast from double to float. This should be done by the compiler.
Not guarding cast from byte to float. This should be done by the compiler.
Not guarding cast from double to long. This should be done by the compiler.
Not guarding cast from double to int. This should be done by the compiler.
Not guarding cast from double to int. This should be done by the compiler.
Not guarding cast from double to int. This should be done by the compiler.
Not guarding cast from int to char. This should be done by the compiler.
Not guarding cast from int to short. This should be done by the compiler.
Not guarding cast from double to float. This should be done by the compiler.
Not guarding cast from int to char. This should be done by the compiler.
Not guarding cast from int to short. This should be done by the compiler.
Not guarding cast from float to double. This should be done by the compiler.
Not guarding cast from float to int. This should be done by the compiler.
Not guarding cast from float to int. This should be done by the compiler.
Not guarding cast from float to long. This should be done by the compiler.
Not guarding cast from float to int. This should be done by the compiler.
Pull not reachable from program entry: r0_Head_3160, r0_$dynamicType_5361 := pull(LinkedList, r0)
Pull not reachable from program entry: r1_Next_3172, r1_Value_03, r1_$dynamicType_5374 := pull(LinkedListEntry, r1)
Pull not reachable from program entry: r0_Head_3160, r0_$dynamicType_5361 := pull(LinkedList, r0)
Pull not reachable from program entry: r1_Next_3172, r1_Value_03, r1_$dynamicType_5374 := pull(LinkedListEntry, r1)
Pull not reachable from program entry: JayHornAssertions_lastExceptionThrown8 := pull(JayhornGlobalsClassVar, JayhornGlobals)
Pull not reachable from program entry: r1_Next_3172, r1_Value_03, r1_$dynamicType_5374 := pull(LinkedListEntry, r1)
Not guarding cast from char to long. This should be done by the compiler.
Not guarding cast from long to int. This should be done by the compiler.
Not guarding cast from long to int. This should be done by the compiler.
Not guarding cast from short to long. This should be done by the compiler.
Not guarding cast from int to long. This should be done by the compiler.
Not guarding cast from long to int. This should be done by the compiler.
Not guarding cast from long to float. This should be done by the compiler.
Not guarding cast from int to short. This should be done by the compiler.
Not guarding cast from long to double. This should be done by the compiler.
Not guarding cast from int to char. This should be done by the compiler.
Pull not reachable from program entry: this_$length_8400, this_$elType_8411, this_$dynamicType_8422, this_atIndex_0_8433, this_atIndex_1_8444, this_atIndex_2_8455, this_atIndex_3_8466, this_atIndex_4_8477 := pull(JayArray_JayArray_int, this)
Not guarding cast from int to short. This should be done by the compiler.
Pull not reachable from program entry: this_$length_5520, this_$elType_5531, this_$dynamicType_5542, this_atIndex_0_03, this_atIndex_1_04, this_atIndex_2_05, this_atIndex_3_06, this_atIndex_4_07 := pull(JayArray_int, this)
</pre>
</span>
</div>
</div>
<div id="footer">
<p>Generated by 
<a href="http://www.gradle.org">Gradle 2.2.1</a> at Sep 6, 2016 11:35:07 PM</p>
</div>
</div>
</body>